2020/04/21 16:04:25 日本語メール内容ファイル名が存在しません。
2020/04/21 16:04:26 英語メール内容ファイル名が存在しません。
2020/04/21 17:09:11 ログ出力フォルダパスが存在しません。
2020/04/21 17:09:11 Webシステムログ出力フォルダのパスが存在しません。
2020/04/21 17:09:11 エラーログ出力フォルダのパスが存在しません。
2020/04/21 17:09:11 共有フォルダのパスが存在しません。
2020/04/21 17:09:24 ログ出力フォルダパスが存在しません。
2020/04/21 17:09:24 Webシステムログ出力フォルダのパスが存在しません。
2020/04/21 17:09:24 エラーログ出力フォルダのパスが存在しません。
2020/04/21 17:09:25 共有フォルダのパスが存在しません。
2020/04/21 17:26:41 ログ出力フォルダパスが存在しません。
2020/04/21 17:26:41 Webシステムログ出力フォルダのパスが存在しません。
2020/04/21 17:26:41 エラーログ出力フォルダのパスが存在しません。
2020/04/21 17:26:41 共有フォルダのパスが存在しません。
2020/04/21 17:41:02 ログ出力フォルダパスが存在しません。
2020/04/21 17:41:02 Webシステムログ出力フォルダのパスが存在しません。
2020/04/21 17:41:02 エラーログ出力フォルダのパスが存在しません。
2020/04/21 17:41:02 共有フォルダのパスが存在しません。
2020/04/21 17:42:06 ログ出力フォルダパスが存在しません。
2020/04/21 17:42:06 Webシステムログ出力フォルダのパスが存在しません。
2020/04/21 17:42:06 エラーログ出力フォルダのパスが存在しません。
2020/04/21 17:42:06 共有フォルダのパスが存在しません。
2020/04/21 17:42:07 File test ton tai
2020/04/21 17:54:26 ログ出力フォルダパスが存在しません。
2020/04/21 17:54:26 Webシステムログ出力フォルダのパスが存在しません。
2020/04/21 17:54:26 エラーログ出力フォルダのパスが存在しません。
2020/04/21 17:54:26 共有フォルダのパスが存在しません。
2020/04/21 18:01:32 ログ出力フォルダパスが存在しません。
2020/04/21 18:01:32 Webシステムログ出力フォルダのパスが存在しません。
2020/04/21 18:01:32 エラーログ出力フォルダのパスが存在しません。
2020/04/21 18:01:32 共有フォルダのパスが存在しません。
2020/04/21 18:02:55 ログ出力フォルダパスが存在しません。
2020/04/21 18:02:55 Webシステムログ出力フォルダのパスが存在しません。
2020/04/21 18:02:55 エラーログ出力フォルダのパスが存在しません。
2020/04/21 18:02:55 共有フォルダのパスが存在しません。
2020/04/21 18:02:59 ログ出力フォルダパスが存在しません。
2020/04/21 18:02:59 Webシステムログ出力フォルダのパスが存在しません。
2020/04/21 18:02:59 エラーログ出力フォルダのパスが存在しません。
2020/04/21 18:02:59 共有フォルダのパスが存在しません。
2020/04/21 18:04:25 ログ出力フォルダパスが存在しません。
2020/04/21 18:04:25 Webシステムログ出力フォルダのパスが存在しません。
2020/04/21 18:04:25 エラーログ出力フォルダのパスが存在しません。
2020/04/21 18:04:25 共有フォルダのパスが存在しません。
2020/04/21 18:04:41 ログ出力フォルダパスが存在しません。
2020/04/21 18:04:41 Webシステムログ出力フォルダのパスが存在しません。
2020/04/21 18:04:41 エラーログ出力フォルダのパスが存在しません。
2020/04/21 18:04:41 共有フォルダのパスが存在しません。
2020/04/21 18:09:43 ログ出力フォルダパスが存在しません。
2020/04/21 18:09:43 Webシステムログ出力フォルダのパスが存在しません。
2020/04/21 18:09:43 エラーログ出力フォルダのパスが存在しません。
2020/04/21 18:09:43 共有フォルダのパスが存在しません。
2020/04/21 18:10:28 ログ出力フォルダパスが存在しません。
2020/04/21 18:10:28 Webシステムログ出力フォルダのパスが存在しません。
2020/04/21 18:10:28 エラーログ出力フォルダのパスが存在しません。
2020/04/21 18:10:28 共有フォルダのパスが存在しません。
2020/04/21 18:12:43 ログ出力フォルダパスが存在しません。
2020/04/21 18:12:43 Webシステムログ出力フォルダのパスが存在しません。
2020/04/21 18:12:43 エラーログ出力フォルダのパスが存在しません。
2020/04/21 18:12:43 共有フォルダのパスが存在しません。
2020/04/21 18:13:03 ログ出力フォルダパスが存在しません。
2020/04/21 18:13:03 Webシステムログ出力フォルダのパスが存在しません。
2020/04/21 18:13:03 エラーログ出力フォルダのパスが存在しません。
2020/04/21 18:13:03 共有フォルダのパスが存在しません。
2020/04/21 18:13:16 ログ出力フォルダパスが存在しません。
2020/04/21 18:13:16 Webシステムログ出力フォルダのパスが存在しません。
2020/04/21 18:13:16 エラーログ出力フォルダのパスが存在しません。
2020/04/21 18:13:16 共有フォルダのパスが存在しません。
2020/04/21 18:17:28 ログ出力フォルダパスが存在しません。
2020/04/21 18:17:28 Webシステムログ出力フォルダのパスが存在しません。
2020/04/21 18:17:28 エラーログ出力フォルダのパスが存在しません。
2020/04/21 18:17:28 共有フォルダのパスが存在しません。
