2020/03/10 14:21:21 WEBシステムログファイル出力
2020/03/10 14:21:21 EMCデータインポート開始
2020/03/10 14:21:21 メール件数 0
2020/03/10 14:21:21 EMCデータインポート 終了
2020/03/10 14:22:22 WEBシステムログファイル出力
2020/03/10 14:22:22 EMCデータインポート開始
2020/03/10 14:22:23 メール件数 0
2020/03/10 14:22:23 EMCデータインポート 終了
2020/03/10 14:39:05 WEBシステムログファイル出力
2020/03/10 14:39:06 問い合わせデータ削除
2020/03/10 14:39:06 EMCデータインポート開始
2020/03/10 14:39:06 メール件数 0
2020/03/10 14:39:06 EMCデータインポート 終了
2020/03/10 14:40:07 WEBシステムログファイル出力
2020/03/10 14:40:07 EMCデータインポート開始
2020/03/10 14:40:08 メール件数 0
2020/03/10 14:40:08 EMCデータインポート 終了
2020/03/10 14:41:09 WEBシステムログファイル出力
2020/03/10 14:41:09 EMCデータインポート開始
2020/03/10 14:41:09 メール件数 0
2020/03/10 14:41:09 EMCデータインポート 終了
2020/03/10 14:42:11 WEBシステムログファイル出力
2020/03/10 14:42:11 EMCデータインポート開始
2020/03/10 14:42:11 メール件数 0
2020/03/10 14:42:11 EMCデータインポート 終了
2020/03/10 14:43:12 WEBシステムログファイル出力
2020/03/10 14:43:12 EMCデータインポート開始
2020/03/10 14:43:13 メール件数 0
2020/03/10 14:43:13 EMCデータインポート 終了
2020/03/10 14:44:14 WEBシステムログファイル出力
2020/03/10 14:44:14 EMCデータインポート開始
2020/03/10 14:44:15 メール件数 0
2020/03/10 14:44:15 EMCデータインポート 終了
2020/03/10 14:45:16 WEBシステムログファイル出力
2020/03/10 14:45:16 EMCデータインポート開始
2020/03/10 14:45:17 メール件数 0
2020/03/10 14:45:17 EMCデータインポート 終了
2020/03/10 14:46:18 WEBシステムログファイル出力
2020/03/10 14:46:18 EMCデータインポート開始
2020/03/10 14:46:19 メール件数 0
2020/03/10 14:46:19 EMCデータインポート 終了
2020/03/10 14:47:31 WEBシステムログファイル出力
2020/03/10 14:47:31 EMCデータインポート開始
2020/03/10 14:47:32 メール件数 0
2020/03/10 14:47:32 EMCデータインポート 終了
2020/03/10 14:48:45 WEBシステムログファイル出力
2020/03/10 14:48:47 EMCデータインポート開始
2020/03/10 14:48:48 メール件数 0
2020/03/10 14:48:48 EMCデータインポート 終了
2020/03/10 14:49:49 WEBシステムログファイル出力
2020/03/10 14:49:49 EMCデータインポート開始
2020/03/10 14:49:50 メール件数 0
2020/03/10 14:49:50 EMCデータインポート 終了
2020/03/10 14:50:51 WEBシステムログファイル出力
2020/03/10 14:50:51 EMCデータインポート開始
2020/03/10 14:50:52 メール件数 0
2020/03/10 14:50:52 EMCデータインポート 終了
2020/03/10 14:51:53 WEBシステムログファイル出力
2020/03/10 14:51:53 EMCデータインポート開始
2020/03/10 14:51:53 メール件数 0
2020/03/10 14:51:53 EMCデータインポート 終了
2020/03/10 14:52:55 WEBシステムログファイル出力
2020/03/10 14:52:55 EMCデータインポート開始
2020/03/10 14:52:55 メール件数 0
2020/03/10 14:52:55 EMCデータインポート 終了
2020/03/10 14:53:57 WEBシステムログファイル出力
2020/03/10 14:53:57 EMCデータインポート開始
2020/03/10 14:53:57 メール件数 0
2020/03/10 14:53:57 EMCデータインポート 終了
2020/03/10 14:54:59 WEBシステムログファイル出力
2020/03/10 14:54:59 EMCデータインポート開始
2020/03/10 14:54:59 メール件数 0
2020/03/10 14:54:59 EMCデータインポート 終了
2020/03/10 14:56:01 WEBシステムログファイル出力
2020/03/10 14:56:01 EMCデータインポート開始
2020/03/10 14:56:01 メール件数 0
2020/03/10 14:56:01 EMCデータインポート 終了
2020/03/10 14:57:03 WEBシステムログファイル出力
2020/03/10 14:57:03 EMCデータインポート開始
2020/03/10 14:57:03 メール件数 0
2020/03/10 14:57:03 EMCデータインポート 終了
2020/03/10 14:58:04 WEBシステムログファイル出力
2020/03/10 14:58:04 EMCデータインポート開始
2020/03/10 14:58:05 メール件数 0
2020/03/10 14:58:05 EMCデータインポート 終了
2020/03/10 14:59:06 WEBシステムログファイル出力
2020/03/10 14:59:06 EMCデータインポート開始
2020/03/10 14:59:07 メール件数 0
2020/03/10 14:59:07 EMCデータインポート 終了
2020/03/10 15:00:08 WEBシステムログファイル出力
2020/03/10 15:00:08 EMCデータインポート開始
2020/03/10 15:00:08 メール件数 0
2020/03/10 15:00:08 EMCデータインポート 終了
2020/03/10 15:01:09 WEBシステムログファイル出力
2020/03/10 15:01:09 EMCデータインポート開始
2020/03/10 15:01:10 メール件数 0
2020/03/10 15:01:10 EMCデータインポート 終了
2020/03/10 15:02:12 WEBシステムログファイル出力
2020/03/10 15:02:12 EMCデータインポート開始
2020/03/10 15:02:12 メール件数 0
2020/03/10 15:02:12 EMCデータインポート 終了
2020/03/10 15:03:14 WEBシステムログファイル出力
2020/03/10 15:03:14 EMCデータインポート開始
2020/03/10 15:03:14 メール件数 0
2020/03/10 15:03:14 EMCデータインポート 終了
2020/03/10 15:04:16 WEBシステムログファイル出力
2020/03/10 15:04:16 EMCデータインポート開始
2020/03/10 15:04:16 メール件数 0
2020/03/10 15:04:16 EMCデータインポート 終了
2020/03/10 15:05:18 WEBシステムログファイル出力
2020/03/10 15:05:18 EMCデータインポート開始
2020/03/10 15:05:18 メール件数 0
2020/03/10 15:05:18 EMCデータインポート 終了
2020/03/10 15:06:20 WEBシステムログファイル出力
2020/03/10 15:06:20 EMCデータインポート開始
2020/03/10 15:06:21 メール件数 0
2020/03/10 15:06:21 EMCデータインポート 終了
2020/03/10 15:07:22 WEBシステムログファイル出力
2020/03/10 15:07:22 EMCデータインポート開始
2020/03/10 15:07:22 メール件数 0
2020/03/10 15:07:22 EMCデータインポート 終了
2020/03/10 15:08:24 WEBシステムログファイル出力
2020/03/10 15:08:24 EMCデータインポート開始
2020/03/10 15:08:24 メール件数 0
2020/03/10 15:08:24 EMCデータインポート 終了
2020/03/10 15:09:26 WEBシステムログファイル出力
2020/03/10 15:09:26 EMCデータインポート開始
2020/03/10 15:09:27 メール件数 0
2020/03/10 15:09:27 EMCデータインポート 終了
2020/03/10 15:10:28 WEBシステムログファイル出力
2020/03/10 15:10:28 EMCデータインポート開始
2020/03/10 15:10:28 メール件数 0
2020/03/10 15:10:28 EMCデータインポート 終了
2020/03/10 15:11:30 WEBシステムログファイル出力
2020/03/10 15:11:30 EMCデータインポート開始
2020/03/10 15:11:30 メール件数 0
2020/03/10 15:11:30 EMCデータインポート 終了
2020/03/10 15:12:32 WEBシステムログファイル出力
2020/03/10 15:12:32 EMCデータインポート開始
2020/03/10 15:12:32 メール件数 0
2020/03/10 15:12:32 EMCデータインポート 終了
2020/03/10 15:13:34 WEBシステムログファイル出力
2020/03/10 15:13:34 EMCデータインポート開始
2020/03/10 15:13:34 メール件数 0
2020/03/10 15:13:34 EMCデータインポート 終了
2020/03/10 15:14:35 WEBシステムログファイル出力
2020/03/10 15:14:35 EMCデータインポート開始
2020/03/10 15:14:36 メール件数 0
2020/03/10 15:14:36 EMCデータインポート 終了
2020/03/10 15:15:38 WEBシステムログファイル出力
2020/03/10 15:15:38 EMCデータインポート開始
2020/03/10 15:15:39 メール件数 0
2020/03/10 15:15:39 EMCデータインポート 終了
2020/03/10 15:16:41 WEBシステムログファイル出力
2020/03/10 15:16:41 EMCデータインポート開始
2020/03/10 15:16:42 メール件数 0
2020/03/10 15:16:42 EMCデータインポート 終了
2020/03/10 15:17:44 WEBシステムログファイル出力
2020/03/10 15:17:44 EMCデータインポート開始
2020/03/10 15:17:44 メール件数 0
2020/03/10 15:17:44 EMCデータインポート 終了
2020/03/10 15:18:46 WEBシステムログファイル出力
2020/03/10 15:18:46 EMCデータインポート開始
2020/03/10 15:18:47 メール件数 0
2020/03/10 15:18:47 EMCデータインポート 終了
2020/03/10 15:19:49 WEBシステムログファイル出力
2020/03/10 15:19:49 EMCデータインポート開始
2020/03/10 15:19:50 メール件数 0
2020/03/10 15:19:50 EMCデータインポート 終了
2020/03/10 15:20:52 WEBシステムログファイル出力
2020/03/10 15:20:52 EMCデータインポート開始
2020/03/10 15:20:53 メール件数 0
2020/03/10 15:20:53 EMCデータインポート 終了
2020/03/10 15:21:56 WEBシステムログファイル出力
2020/03/10 15:21:56 EMCデータインポート開始
2020/03/10 15:21:56 メール件数 0
2020/03/10 15:21:56 EMCデータインポート 終了
2020/03/10 15:22:58 WEBシステムログファイル出力
2020/03/10 15:22:58 EMCデータインポート開始
2020/03/10 15:22:59 メール件数 0
2020/03/10 15:22:59 EMCデータインポート 終了
2020/03/10 15:24:01 WEBシステムログファイル出力
2020/03/10 15:24:01 EMCデータインポート開始
2020/03/10 15:24:01 メール件数 0
2020/03/10 15:24:01 EMCデータインポート 終了
2020/03/10 15:25:03 WEBシステムログファイル出力
2020/03/10 15:25:03 EMCデータインポート開始
2020/03/10 15:25:04 メール件数 0
2020/03/10 15:25:04 EMCデータインポート 終了
2020/03/10 15:26:06 WEBシステムログファイル出力
2020/03/10 15:26:06 EMCデータインポート開始
2020/03/10 15:26:07 メール件数 0
2020/03/10 15:26:07 EMCデータインポート 終了
2020/03/10 15:27:09 WEBシステムログファイル出力
2020/03/10 15:27:09 EMCデータインポート開始
2020/03/10 15:27:10 メール件数 0
2020/03/10 15:27:10 EMCデータインポート 終了
2020/03/10 15:28:12 WEBシステムログファイル出力
2020/03/10 15:28:12 EMCデータインポート開始
2020/03/10 15:28:13 メール件数 0
2020/03/10 15:28:13 EMCデータインポート 終了
2020/03/10 15:29:15 WEBシステムログファイル出力
2020/03/10 15:29:15 EMCデータインポート開始
2020/03/10 15:29:15 メール件数 0
2020/03/10 15:29:16 EMCデータインポート 終了
2020/03/10 15:30:18 WEBシステムログファイル出力
2020/03/10 15:30:18 EMCデータインポート開始
2020/03/10 15:30:18 メール件数 0
2020/03/10 15:30:18 EMCデータインポート 終了
2020/03/10 15:31:20 WEBシステムログファイル出力
2020/03/10 15:31:20 EMCデータインポート開始
2020/03/10 15:31:21 メール件数 0
2020/03/10 15:31:21 EMCデータインポート 終了
2020/03/10 15:32:23 WEBシステムログファイル出力
2020/03/10 15:32:23 EMCデータインポート開始
2020/03/10 15:32:23 メール件数 0
2020/03/10 15:32:23 EMCデータインポート 終了
2020/03/10 15:33:26 WEBシステムログファイル出力
2020/03/10 15:33:26 EMCデータインポート開始
2020/03/10 15:33:27 メール件数 0
2020/03/10 15:33:27 EMCデータインポート 終了
2020/03/10 15:34:30 WEBシステムログファイル出力
2020/03/10 15:34:30 EMCデータインポート開始
2020/03/10 15:34:31 メール件数 0
2020/03/10 15:34:31 EMCデータインポート 終了
2020/03/10 15:35:34 WEBシステムログファイル出力
2020/03/10 15:35:34 EMCデータインポート開始
2020/03/10 15:35:34 メール件数 0
2020/03/10 15:35:34 EMCデータインポート 終了
2020/03/10 15:36:37 WEBシステムログファイル出力
2020/03/10 15:36:37 EMCデータインポート開始
2020/03/10 15:36:38 メール件数 0
2020/03/10 15:36:38 EMCデータインポート 終了
2020/03/10 15:37:40 WEBシステムログファイル出力
2020/03/10 15:37:40 EMCデータインポート開始
2020/03/10 15:37:40 メール件数 0
2020/03/10 15:37:40 EMCデータインポート 終了
2020/03/10 15:38:42 WEBシステムログファイル出力
2020/03/10 15:38:42 EMCデータインポート開始
2020/03/10 15:38:42 メール件数 0
2020/03/10 15:38:42 EMCデータインポート 終了
2020/03/10 15:39:44 WEBシステムログファイル出力
2020/03/10 15:39:44 EMCデータインポート開始
2020/03/10 15:39:45 メール件数 0
2020/03/10 15:39:45 EMCデータインポート 終了
2020/03/10 15:40:47 WEBシステムログファイル出力
2020/03/10 15:40:47 EMCデータインポート開始
2020/03/10 15:40:47 メール件数 0
2020/03/10 15:40:47 EMCデータインポート 終了
2020/03/10 15:41:49 WEBシステムログファイル出力
2020/03/10 15:41:49 EMCデータインポート開始
2020/03/10 15:41:49 メール件数 0
2020/03/10 15:41:49 EMCデータインポート 終了
2020/03/10 15:42:51 WEBシステムログファイル出力
2020/03/10 15:42:51 EMCデータインポート開始
2020/03/10 15:42:51 メール件数 0
2020/03/10 15:42:51 EMCデータインポート 終了
2020/03/10 15:43:53 WEBシステムログファイル出力
2020/03/10 15:43:53 EMCデータインポート開始
2020/03/10 15:43:53 メール件数 0
2020/03/10 15:43:53 EMCデータインポート 終了
2020/03/10 15:44:57 WEBシステムログファイル出力
2020/03/10 15:44:57 EMCデータインポート開始
2020/03/10 15:44:58 メール件数 0
2020/03/10 15:44:58 EMCデータインポート 終了
2020/03/10 15:46:00 WEBシステムログファイル出力
2020/03/10 15:46:00 EMCデータインポート開始
2020/03/10 15:46:00 メール件数 0
2020/03/10 15:46:00 EMCデータインポート 終了
2020/03/10 15:47:03 WEBシステムログファイル出力
2020/03/10 15:47:03 EMCデータインポート開始
2020/03/10 15:47:03 メール件数 0
2020/03/10 15:47:03 EMCデータインポート 終了
2020/03/10 15:48:05 WEBシステムログファイル出力
2020/03/10 15:48:05 EMCデータインポート開始
2020/03/10 15:48:06 メール件数 0
2020/03/10 15:48:06 EMCデータインポート 終了
2020/03/10 15:49:08 WEBシステムログファイル出力
2020/03/10 15:49:08 EMCデータインポート開始
2020/03/10 15:49:08 メール件数 0
2020/03/10 15:49:08 EMCデータインポート 終了
2020/03/10 15:50:10 WEBシステムログファイル出力
2020/03/10 15:50:10 EMCデータインポート開始
2020/03/10 15:50:11 メール件数 0
2020/03/10 15:50:11 EMCデータインポート 終了
2020/03/10 15:51:13 WEBシステムログファイル出力
2020/03/10 15:51:13 EMCデータインポート開始
2020/03/10 15:51:13 メール件数 0
2020/03/10 15:51:13 EMCデータインポート 終了
2020/03/10 15:52:15 WEBシステムログファイル出力
2020/03/10 15:52:15 EMCデータインポート開始
2020/03/10 15:53:20 WEBシステムログファイル出力
2020/03/10 15:53:20 EMCデータインポート開始
2020/03/10 15:54:23 WEBシステムログファイル出力
2020/03/10 15:54:23 EMCデータインポート開始
2020/03/10 15:55:25 WEBシステムログファイル出力
2020/03/10 15:55:25 EMCデータインポート開始
2020/03/10 15:56:26 WEBシステムログファイル出力
2020/03/10 15:56:26 EMCデータインポート開始
2020/03/10 15:57:28 WEBシステムログファイル出力
2020/03/10 15:57:28 EMCデータインポート開始
2020/03/10 15:58:30 WEBシステムログファイル出力
2020/03/10 15:58:30 EMCデータインポート開始
2020/03/10 15:59:31 WEBシステムログファイル出力
2020/03/10 15:59:31 EMCデータインポート開始
2020/03/10 16:00:33 WEBシステムログファイル出力
2020/03/10 16:00:33 EMCデータインポート開始
2020/03/10 16:01:34 WEBシステムログファイル出力
2020/03/10 16:01:34 EMCデータインポート開始
2020/03/10 16:02:36 WEBシステムログファイル出力
2020/03/10 16:02:36 EMCデータインポート開始
2020/03/10 16:03:37 WEBシステムログファイル出力
2020/03/10 16:03:37 EMCデータインポート開始
2020/03/10 16:04:38 WEBシステムログファイル出力
2020/03/10 16:04:38 EMCデータインポート開始
2020/03/10 16:05:40 WEBシステムログファイル出力
2020/03/10 16:05:40 EMCデータインポート開始
2020/03/10 16:06:41 WEBシステムログファイル出力
2020/03/10 16:06:41 EMCデータインポート開始
2020/03/10 16:07:43 WEBシステムログファイル出力
2020/03/10 16:07:43 EMCデータインポート開始
2020/03/10 16:08:45 WEBシステムログファイル出力
2020/03/10 16:08:45 EMCデータインポート開始
2020/03/10 16:09:47 WEBシステムログファイル出力
2020/03/10 16:09:47 EMCデータインポート開始
2020/03/10 16:10:48 WEBシステムログファイル出力
2020/03/10 16:10:48 EMCデータインポート開始
2020/03/10 16:11:50 WEBシステムログファイル出力
2020/03/10 16:11:50 EMCデータインポート開始
2020/03/10 16:12:52 WEBシステムログファイル出力
2020/03/10 16:12:52 EMCデータインポート開始
2020/03/10 16:13:54 WEBシステムログファイル出力
2020/03/10 16:13:54 EMCデータインポート開始
2020/03/10 16:14:57 WEBシステムログファイル出力
2020/03/10 16:14:57 EMCデータインポート開始
2020/03/10 16:15:59 WEBシステムログファイル出力
2020/03/10 16:15:59 EMCデータインポート開始
2020/03/10 16:17:01 WEBシステムログファイル出力
2020/03/10 16:17:01 EMCデータインポート開始
2020/03/10 16:18:04 WEBシステムログファイル出力
2020/03/10 16:18:04 EMCデータインポート開始
2020/03/10 16:19:07 WEBシステムログファイル出力
2020/03/10 16:19:07 EMCデータインポート開始
2020/03/10 16:20:10 WEBシステムログファイル出力
2020/03/10 16:20:10 EMCデータインポート開始
2020/03/10 16:21:12 WEBシステムログファイル出力
2020/03/10 16:21:12 EMCデータインポート開始
2020/03/10 16:22:14 WEBシステムログファイル出力
2020/03/10 16:22:14 EMCデータインポート開始
2020/03/10 16:23:17 WEBシステムログファイル出力
2020/03/10 16:23:17 EMCデータインポート開始
2020/03/10 16:24:19 WEBシステムログファイル出力
2020/03/10 16:24:19 EMCデータインポート開始
2020/03/10 16:25:22 WEBシステムログファイル出力
2020/03/10 16:25:22 EMCデータインポート開始
2020/03/10 16:26:25 WEBシステムログファイル出力
2020/03/10 16:26:25 EMCデータインポート開始
2020/03/10 16:27:27 WEBシステムログファイル出力
2020/03/10 16:27:27 EMCデータインポート開始
2020/03/10 16:28:30 WEBシステムログファイル出力
2020/03/10 16:28:30 EMCデータインポート開始
2020/03/10 16:29:32 WEBシステムログファイル出力
2020/03/10 16:29:32 EMCデータインポート開始
2020/03/10 16:30:35 WEBシステムログファイル出力
2020/03/10 16:30:35 EMCデータインポート開始
2020/03/10 16:31:38 WEBシステムログファイル出力
2020/03/10 16:31:38 EMCデータインポート開始
2020/03/10 16:32:41 WEBシステムログファイル出力
2020/03/10 16:32:41 EMCデータインポート開始
2020/03/10 16:33:43 WEBシステムログファイル出力
2020/03/10 16:33:43 EMCデータインポート開始
2020/03/10 16:34:45 WEBシステムログファイル出力
2020/03/10 16:34:45 EMCデータインポート開始
2020/03/10 16:35:47 WEBシステムログファイル出力
2020/03/10 16:35:47 EMCデータインポート開始
2020/03/10 16:36:50 WEBシステムログファイル出力
2020/03/10 16:36:50 EMCデータインポート開始
2020/03/10 16:37:52 WEBシステムログファイル出力
2020/03/10 16:37:52 EMCデータインポート開始
2020/03/10 16:38:54 WEBシステムログファイル出力
2020/03/10 16:38:54 EMCデータインポート開始
2020/03/10 16:39:57 WEBシステムログファイル出力
2020/03/10 16:39:57 EMCデータインポート開始
2020/03/10 16:40:59 WEBシステムログファイル出力
2020/03/10 16:40:59 EMCデータインポート開始
2020/03/10 16:42:01 WEBシステムログファイル出力
2020/03/10 16:42:01 EMCデータインポート開始
2020/03/10 16:43:04 WEBシステムログファイル出力
2020/03/10 16:43:04 EMCデータインポート開始
2020/03/10 16:44:07 WEBシステムログファイル出力
2020/03/10 16:44:07 EMCデータインポート開始
2020/03/10 16:45:11 WEBシステムログファイル出力
2020/03/10 16:45:11 EMCデータインポート開始
2020/03/10 16:46:13 WEBシステムログファイル出力
2020/03/10 16:46:13 EMCデータインポート開始
2020/03/10 16:47:16 WEBシステムログファイル出力
2020/03/10 16:47:16 EMCデータインポート開始
2020/03/10 16:48:18 WEBシステムログファイル出力
2020/03/10 16:48:18 EMCデータインポート開始
2020/03/10 16:49:21 WEBシステムログファイル出力
2020/03/10 16:49:21 EMCデータインポート開始
2020/03/10 16:50:23 WEBシステムログファイル出力
2020/03/10 16:50:24 EMCデータインポート開始
2020/03/10 16:51:26 WEBシステムログファイル出力
2020/03/10 16:51:26 EMCデータインポート開始
2020/03/10 16:52:34 WEBシステムログファイル出力
2020/03/10 16:52:34 EMCデータインポート開始
2020/03/10 16:53:36 WEBシステムログファイル出力
2020/03/10 16:53:36 EMCデータインポート開始
2020/03/10 16:54:39 WEBシステムログファイル出力
2020/03/10 16:54:39 EMCデータインポート開始
2020/03/10 16:55:41 WEBシステムログファイル出力
2020/03/10 16:55:41 EMCデータインポート開始
2020/03/10 16:56:43 WEBシステムログファイル出力
2020/03/10 16:56:44 EMCデータインポート開始
2020/03/10 16:57:46 WEBシステムログファイル出力
2020/03/10 16:57:46 EMCデータインポート開始
2020/03/10 16:58:49 WEBシステムログファイル出力
2020/03/10 16:58:49 EMCデータインポート開始
2020/03/10 16:59:51 WEBシステムログファイル出力
2020/03/10 16:59:51 EMCデータインポート開始
2020/03/10 17:00:55 WEBシステムログファイル出力
2020/03/10 17:00:56 EMCデータインポート開始
2020/03/10 17:01:58 WEBシステムログファイル出力
2020/03/10 17:01:58 EMCデータインポート開始
2020/03/10 17:03:04 WEBシステムログファイル出力
2020/03/10 17:03:04 EMCデータインポート開始
2020/03/10 17:04:08 WEBシステムログファイル出力
2020/03/10 17:04:08 EMCデータインポート開始
2020/03/10 17:05:11 WEBシステムログファイル出力
2020/03/10 17:05:11 EMCデータインポート開始
2020/03/10 17:06:15 WEBシステムログファイル出力
2020/03/10 17:06:15 EMCデータインポート開始
2020/03/10 17:07:18 WEBシステムログファイル出力
2020/03/10 17:07:18 EMCデータインポート開始
2020/03/10 17:08:21 WEBシステムログファイル出力
2020/03/10 17:08:21 EMCデータインポート開始
2020/03/10 17:09:23 WEBシステムログファイル出力
2020/03/10 17:09:23 EMCデータインポート開始
2020/03/10 17:10:27 WEBシステムログファイル出力
2020/03/10 17:10:27 EMCデータインポート開始
2020/03/10 17:11:31 WEBシステムログファイル出力
2020/03/10 17:11:31 EMCデータインポート開始
2020/03/10 17:12:33 WEBシステムログファイル出力
2020/03/10 17:12:33 EMCデータインポート開始
2020/03/10 17:13:35 WEBシステムログファイル出力
2020/03/10 17:13:35 EMCデータインポート開始
2020/03/10 17:14:37 WEBシステムログファイル出力
2020/03/10 17:14:37 EMCデータインポート開始
2020/03/10 17:15:39 WEBシステムログファイル出力
2020/03/10 17:15:39 EMCデータインポート開始
2020/03/10 17:16:42 WEBシステムログファイル出力
2020/03/10 17:16:42 EMCデータインポート開始
2020/03/10 17:17:44 WEBシステムログファイル出力
2020/03/10 17:17:44 EMCデータインポート開始
2020/03/10 17:18:46 WEBシステムログファイル出力
2020/03/10 17:18:46 EMCデータインポート開始
2020/03/10 17:19:48 WEBシステムログファイル出力
2020/03/10 17:19:48 EMCデータインポート開始
2020/03/10 17:20:50 WEBシステムログファイル出力
2020/03/10 17:20:50 EMCデータインポート開始
2020/03/10 17:21:54 WEBシステムログファイル出力
2020/03/10 17:21:54 EMCデータインポート開始
2020/03/10 17:22:57 WEBシステムログファイル出力
2020/03/10 17:22:57 EMCデータインポート開始
2020/03/10 17:23:59 WEBシステムログファイル出力
2020/03/10 17:23:59 EMCデータインポート開始
2020/03/10 17:25:02 WEBシステムログファイル出力
2020/03/10 17:25:02 EMCデータインポート開始
2020/03/10 17:26:07 WEBシステムログファイル出力
2020/03/10 17:26:07 EMCデータインポート開始
2020/03/10 17:27:09 WEBシステムログファイル出力
2020/03/10 17:27:09 EMCデータインポート開始
2020/03/10 17:28:11 WEBシステムログファイル出力
2020/03/10 17:28:11 EMCデータインポート開始
2020/03/10 17:29:13 WEBシステムログファイル出力
2020/03/10 17:29:13 EMCデータインポート開始
2020/03/10 17:30:15 WEBシステムログファイル出力
2020/03/10 17:30:15 EMCデータインポート開始
2020/03/10 17:31:21 WEBシステムログファイル出力
2020/03/10 17:31:21 EMCデータインポート開始
2020/03/10 17:32:23 WEBシステムログファイル出力
2020/03/10 17:32:23 EMCデータインポート開始
2020/03/10 17:33:28 WEBシステムログファイル出力
2020/03/10 17:33:28 EMCデータインポート開始
2020/03/10 17:34:32 WEBシステムログファイル出力
2020/03/10 17:34:32 EMCデータインポート開始
2020/03/10 17:35:35 WEBシステムログファイル出力
2020/03/10 17:35:35 EMCデータインポート開始
2020/03/10 17:36:36 WEBシステムログファイル出力
2020/03/10 17:36:36 EMCデータインポート開始
2020/03/10 17:37:38 WEBシステムログファイル出力
2020/03/10 17:37:38 EMCデータインポート開始
2020/03/10 17:38:41 WEBシステムログファイル出力
2020/03/10 17:38:41 EMCデータインポート開始
2020/03/10 17:39:43 WEBシステムログファイル出力
2020/03/10 17:39:43 EMCデータインポート開始
2020/03/10 17:40:45 WEBシステムログファイル出力
2020/03/10 17:40:45 EMCデータインポート開始
2020/03/10 17:41:51 WEBシステムログファイル出力
2020/03/10 17:41:52 EMCデータインポート開始
2020/03/10 17:42:57 WEBシステムログファイル出力
2020/03/10 17:42:57 EMCデータインポート開始
2020/03/10 17:44:00 WEBシステムログファイル出力
2020/03/10 17:44:00 EMCデータインポート開始
2020/03/10 17:45:04 WEBシステムログファイル出力
2020/03/10 17:45:04 EMCデータインポート開始
2020/03/10 17:46:05 WEBシステムログファイル出力
2020/03/10 17:46:05 EMCデータインポート開始
2020/03/10 17:47:07 WEBシステムログファイル出力
2020/03/10 17:47:07 EMCデータインポート開始
2020/03/10 17:48:10 WEBシステムログファイル出力
2020/03/10 17:48:10 EMCデータインポート開始
2020/03/10 17:49:11 WEBシステムログファイル出力
2020/03/10 17:49:11 EMCデータインポート開始
2020/03/10 17:50:12 WEBシステムログファイル出力
2020/03/10 17:50:12 EMCデータインポート開始
2020/03/10 17:51:14 WEBシステムログファイル出力
2020/03/10 17:51:14 EMCデータインポート開始
2020/03/10 17:52:15 WEBシステムログファイル出力
2020/03/10 17:52:15 EMCデータインポート開始
2020/03/10 17:53:17 WEBシステムログファイル出力
2020/03/10 17:53:17 EMCデータインポート開始
2020/03/10 17:54:19 WEBシステムログファイル出力
2020/03/10 17:54:19 EMCデータインポート開始
2020/03/10 17:55:20 WEBシステムログファイル出力
2020/03/10 17:55:20 EMCデータインポート開始
2020/03/10 17:56:22 WEBシステムログファイル出力
2020/03/10 17:56:22 EMCデータインポート開始
2020/03/10 17:57:23 WEBシステムログファイル出力
2020/03/10 17:57:23 EMCデータインポート開始
2020/03/10 17:58:24 WEBシステムログファイル出力
2020/03/10 17:58:24 EMCデータインポート開始
2020/03/10 17:59:26 WEBシステムログファイル出力
2020/03/10 17:59:26 EMCデータインポート開始
2020/03/10 18:00:27 WEBシステムログファイル出力
2020/03/10 18:00:27 EMCデータインポート開始
