2020/03/11 14:23:23 WEBシステムログファイル出力
2020/03/11 14:23:24 EMCデータインポート開始
2020/03/11 14:23:24 メール件数 0
2020/03/11 14:23:24 EMCデータインポート 終了
2020/03/11 14:24:25 WEBシステムログファイル出力
2020/03/11 14:24:25 EMCデータインポート開始
2020/03/11 14:24:26 メール件数 0
2020/03/11 14:24:26 EMCデータインポート 終了
2020/03/11 08:12:32 WEBシステムログファイル出力
2020/03/11 08:12:35 EMCデータインポート開始
2020/03/11 08:13:58 EMCデータインポート開始
2020/03/11 08:15:19 EMCデータインポート開始
2020/03/11 08:16:40 EMCデータインポート開始
2020/03/11 08:17:41 EMCデータインポート開始
2020/03/11 08:18:42 EMCデータインポート開始
2020/03/11 08:19:43 EMCデータインポート開始
2020/03/11 08:20:44 EMCデータインポート開始
2020/03/11 08:21:45 EMCデータインポート開始
2020/03/11 08:22:46 EMCデータインポート開始
2020/03/11 08:23:47 EMCデータインポート開始
2020/03/11 08:24:48 EMCデータインポート開始
2020/03/11 08:25:49 EMCデータインポート開始
2020/03/11 08:26:50 EMCデータインポート開始
2020/03/11 08:27:51 EMCデータインポート開始
2020/03/11 08:28:52 EMCデータインポート開始
2020/03/11 08:29:53 WEBシステムログファイル出力
2020/03/11 08:29:53 EMCデータインポート開始
2020/03/11 08:30:54 WEBシステムログファイル出力
2020/03/11 08:30:54 EMCデータインポート開始
2020/03/11 08:31:55 WEBシステムログファイル出力
2020/03/11 08:31:55 EMCデータインポート開始
2020/03/11 08:32:56 WEBシステムログファイル出力
2020/03/11 08:32:56 EMCデータインポート開始
2020/03/11 08:33:57 WEBシステムログファイル出力
2020/03/11 08:33:57 EMCデータインポート開始
2020/03/11 08:34:58 WEBシステムログファイル出力
2020/03/11 08:34:58 EMCデータインポート開始
2020/03/11 08:35:58 WEBシステムログファイル出力
2020/03/11 08:35:58 EMCデータインポート開始
2020/03/11 08:37:01 WEBシステムログファイル出力
2020/03/11 08:37:01 EMCデータインポート開始
2020/03/11 08:38:02 WEBシステムログファイル出力
2020/03/11 08:38:02 EMCデータインポート開始
2020/03/11 08:39:02 WEBシステムログファイル出力
2020/03/11 08:39:02 EMCデータインポート開始
2020/03/11 08:39:03 メール件数 0
2020/03/11 08:39:03 EMCデータインポート 終了
2020/03/11 08:40:04 WEBシステムログファイル出力
2020/03/11 08:40:04 EMCデータインポート開始
2020/03/11 08:41:04 WEBシステムログファイル出力
2020/03/11 08:41:04 EMCデータインポート開始
2020/03/11 08:41:05 メール件数 0
2020/03/11 08:41:05 EMCデータインポート 終了
2020/03/11 08:42:05 WEBシステムログファイル出力
2020/03/11 08:42:05 EMCデータインポート開始
2020/03/11 08:42:06 メール件数 0
2020/03/11 08:42:06 EMCデータインポート 終了
2020/03/11 08:43:06 WEBシステムログファイル出力
2020/03/11 08:43:06 EMCデータインポート開始
2020/03/11 08:43:07 メール件数 0
2020/03/11 08:43:07 EMCデータインポート 終了
2020/03/11 08:44:07 WEBシステムログファイル出力
2020/03/11 08:44:07 EMCデータインポート開始
2020/03/11 08:44:08 メール件数 0
2020/03/11 08:44:08 EMCデータインポート 終了
2020/03/11 08:45:09 WEBシステムログファイル出力
2020/03/11 08:45:09 EMCデータインポート開始
2020/03/11 08:45:09 メール件数 0
2020/03/11 08:45:09 EMCデータインポート 終了
2020/03/11 08:46:10 WEBシステムログファイル出力
2020/03/11 08:46:10 EMCデータインポート開始
2020/03/11 08:46:10 メール件数 0
2020/03/11 08:46:10 EMCデータインポート 終了
2020/03/11 08:47:11 WEBシステムログファイル出力
2020/03/11 08:47:11 EMCデータインポート開始
2020/03/11 08:47:12 メール件数 0
2020/03/11 08:47:12 EMCデータインポート 終了
2020/03/11 08:48:13 WEBシステムログファイル出力
2020/03/11 08:48:13 EMCデータインポート開始
2020/03/11 08:48:13 メール件数 0
2020/03/11 08:48:13 EMCデータインポート 終了
2020/03/11 08:49:14 WEBシステムログファイル出力
2020/03/11 08:49:14 EMCデータインポート開始
2020/03/11 08:49:14 メール件数 0
2020/03/11 08:49:14 EMCデータインポート 終了
2020/03/11 08:50:15 WEBシステムログファイル出力
2020/03/11 08:50:15 EMCデータインポート開始
2020/03/11 08:50:16 メール件数 0
2020/03/11 08:50:16 EMCデータインポート 終了
2020/03/11 08:51:18 WEBシステムログファイル出力
2020/03/11 08:51:18 EMCデータインポート開始
2020/03/11 08:51:19 メール件数 0
2020/03/11 08:51:19 EMCデータインポート 終了
2020/03/11 08:52:19 WEBシステムログファイル出力
2020/03/11 08:52:19 EMCデータインポート開始
2020/03/11 08:52:20 メール件数 0
2020/03/11 08:52:20 EMCデータインポート 終了
2020/03/11 08:53:21 WEBシステムログファイル出力
2020/03/11 08:53:21 EMCデータインポート開始
2020/03/11 08:53:21 メール件数 0
2020/03/11 08:53:21 EMCデータインポート 終了
2020/03/11 08:54:22 WEBシステムログファイル出力
2020/03/11 08:54:22 EMCデータインポート開始
2020/03/11 08:54:23 メール件数 0
2020/03/11 08:54:23 EMCデータインポート 終了
2020/03/11 08:55:24 WEBシステムログファイル出力
2020/03/11 08:55:24 EMCデータインポート開始
2020/03/11 08:55:24 メール件数 0
2020/03/11 08:55:24 EMCデータインポート 終了
2020/03/11 08:56:25 WEBシステムログファイル出力
2020/03/11 08:56:25 EMCデータインポート開始
2020/03/11 08:56:25 メール件数 0
2020/03/11 08:56:25 EMCデータインポート 終了
2020/03/11 08:57:26 WEBシステムログファイル出力
2020/03/11 08:57:26 EMCデータインポート開始
2020/03/11 08:57:27 メール件数 0
2020/03/11 08:57:27 EMCデータインポート 終了
2020/03/11 08:58:27 WEBシステムログファイル出力
2020/03/11 08:58:27 EMCデータインポート開始
2020/03/11 08:58:28 メール件数 0
2020/03/11 08:58:28 EMCデータインポート 終了
2020/03/11 08:59:29 WEBシステムログファイル出力
2020/03/11 08:59:29 EMCデータインポート開始
2020/03/11 08:59:30 メール件数 0
2020/03/11 08:59:30 EMCデータインポート 終了
2020/03/11 09:00:31 WEBシステムログファイル出力
2020/03/11 09:00:31 EMCデータインポート開始
2020/03/11 09:00:31 メール件数 0
2020/03/11 09:00:31 EMCデータインポート 終了
2020/03/11 09:01:32 WEBシステムログファイル出力
2020/03/11 09:01:32 EMCデータインポート開始
2020/03/11 09:01:33 メール件数 0
2020/03/11 09:01:33 EMCデータインポート 終了
2020/03/11 09:02:34 WEBシステムログファイル出力
2020/03/11 09:02:34 EMCデータインポート開始
2020/03/11 09:02:34 メール件数 0
2020/03/11 09:02:34 EMCデータインポート 終了
2020/03/11 09:03:35 WEBシステムログファイル出力
2020/03/11 09:03:35 EMCデータインポート開始
2020/03/11 09:03:36 メール件数 0
2020/03/11 09:03:36 EMCデータインポート 終了
2020/03/11 09:04:37 WEBシステムログファイル出力
2020/03/11 09:04:37 EMCデータインポート開始
2020/03/11 09:04:37 メール件数 0
2020/03/11 09:04:37 EMCデータインポート 終了
2020/03/11 09:05:38 WEBシステムログファイル出力
2020/03/11 09:05:38 EMCデータインポート開始
2020/03/11 09:05:38 メール件数 0
2020/03/11 09:05:38 EMCデータインポート 終了
2020/03/11 09:06:39 WEBシステムログファイル出力
2020/03/11 09:06:39 EMCデータインポート開始
2020/03/11 09:06:40 メール件数 0
2020/03/11 09:06:40 EMCデータインポート 終了
2020/03/11 09:07:40 WEBシステムログファイル出力
2020/03/11 09:07:40 EMCデータインポート開始
2020/03/11 09:07:41 メール件数 0
2020/03/11 09:07:41 EMCデータインポート 終了
2020/03/11 09:08:42 WEBシステムログファイル出力
2020/03/11 09:08:42 EMCデータインポート開始
2020/03/11 09:08:42 メール件数 0
2020/03/11 09:08:42 EMCデータインポート 終了
2020/03/11 09:09:43 WEBシステムログファイル出力
2020/03/11 09:09:43 EMCデータインポート開始
2020/03/11 09:09:44 メール件数 0
2020/03/11 09:09:44 EMCデータインポート 終了
2020/03/11 09:10:44 WEBシステムログファイル出力
2020/03/11 09:10:44 EMCデータインポート開始
2020/03/11 09:10:45 メール件数 0
2020/03/11 09:10:45 EMCデータインポート 終了
2020/03/11 09:11:46 WEBシステムログファイル出力
2020/03/11 09:11:46 EMCデータインポート開始
2020/03/11 09:11:46 メール件数 0
2020/03/11 09:11:46 EMCデータインポート 終了
2020/03/11 09:12:47 WEBシステムログファイル出力
2020/03/11 09:12:47 EMCデータインポート開始
2020/03/11 09:12:48 メール件数 0
2020/03/11 09:12:48 EMCデータインポート 終了
2020/03/11 09:13:48 WEBシステムログファイル出力
2020/03/11 09:13:48 EMCデータインポート開始
2020/03/11 09:13:49 メール件数 0
2020/03/11 09:13:49 EMCデータインポート 終了
2020/03/11 09:14:50 WEBシステムログファイル出力
2020/03/11 09:14:50 EMCデータインポート開始
2020/03/11 09:14:50 メール件数 0
2020/03/11 09:14:50 EMCデータインポート 終了
2020/03/11 09:15:51 WEBシステムログファイル出力
2020/03/11 09:15:51 EMCデータインポート開始
2020/03/11 09:15:51 メール件数 0
2020/03/11 09:15:51 EMCデータインポート 終了
2020/03/11 09:16:52 WEBシステムログファイル出力
2020/03/11 09:16:52 EMCデータインポート開始
2020/03/11 09:16:53 メール件数 0
2020/03/11 09:16:53 EMCデータインポート 終了
2020/03/11 09:17:53 WEBシステムログファイル出力
2020/03/11 09:17:53 EMCデータインポート開始
2020/03/11 09:17:54 メール件数 0
2020/03/11 09:17:54 EMCデータインポート 終了
2020/03/11 09:18:55 WEBシステムログファイル出力
2020/03/11 09:18:55 EMCデータインポート開始
2020/03/11 09:18:55 メール件数 0
2020/03/11 09:18:55 EMCデータインポート 終了
2020/03/11 09:19:56 WEBシステムログファイル出力
2020/03/11 09:19:56 EMCデータインポート開始
2020/03/11 09:19:57 メール件数 0
2020/03/11 09:19:57 EMCデータインポート 終了
2020/03/11 09:20:58 WEBシステムログファイル出力
2020/03/11 09:20:58 EMCデータインポート開始
2020/03/11 09:20:58 メール件数 0
2020/03/11 09:20:58 EMCデータインポート 終了
2020/03/11 09:21:59 WEBシステムログファイル出力
2020/03/11 09:21:59 EMCデータインポート開始
2020/03/11 09:21:59 メール件数 0
2020/03/11 09:21:59 EMCデータインポート 終了
2020/03/11 09:23:00 WEBシステムログファイル出力
2020/03/11 09:23:00 EMCデータインポート開始
2020/03/11 09:23:01 メール件数 0
2020/03/11 09:23:01 EMCデータインポート 終了
2020/03/11 09:24:02 WEBシステムログファイル出力
2020/03/11 09:24:02 EMCデータインポート開始
2020/03/11 09:24:02 メール件数 0
2020/03/11 09:24:02 EMCデータインポート 終了
2020/03/11 09:25:06 WEBシステムログファイル出力
2020/03/11 09:25:06 EMCデータインポート開始
2020/03/11 09:25:06 メール件数 0
2020/03/11 09:25:06 EMCデータインポート 終了
2020/03/11 09:26:07 WEBシステムログファイル出力
2020/03/11 09:26:07 EMCデータインポート開始
2020/03/11 09:26:08 メール件数 0
2020/03/11 09:26:08 EMCデータインポート 終了
2020/03/11 09:27:08 WEBシステムログファイル出力
2020/03/11 09:27:08 EMCデータインポート開始
2020/03/11 09:27:09 メール件数 0
2020/03/11 09:27:09 EMCデータインポート 終了
2020/03/11 09:28:10 WEBシステムログファイル出力
2020/03/11 09:28:10 EMCデータインポート開始
2020/03/11 09:28:10 メール件数 0
2020/03/11 09:28:10 EMCデータインポート 終了
2020/03/11 09:29:14 WEBシステムログファイル出力
2020/03/11 09:29:14 EMCデータインポート開始
2020/03/11 09:29:15 メール件数 0
2020/03/11 09:29:15 EMCデータインポート 終了
2020/03/11 09:30:18 WEBシステムログファイル出力
2020/03/11 09:30:18 EMCデータインポート開始
2020/03/11 09:30:19 メール件数 0
2020/03/11 09:30:19 EMCデータインポート 終了
2020/03/11 09:31:20 WEBシステムログファイル出力
2020/03/11 09:31:20 EMCデータインポート開始
2020/03/11 09:31:20 メール件数 0
2020/03/11 09:31:20 EMCデータインポート 終了
2020/03/11 09:32:21 WEBシステムログファイル出力
2020/03/11 09:32:21 EMCデータインポート開始
2020/03/11 09:32:21 メール件数 0
2020/03/11 09:32:21 EMCデータインポート 終了
2020/03/11 09:33:22 WEBシステムログファイル出力
2020/03/11 09:33:22 EMCデータインポート開始
2020/03/11 09:33:23 メール件数 0
2020/03/11 09:33:23 EMCデータインポート 終了
2020/03/11 09:34:23 WEBシステムログファイル出力
2020/03/11 09:34:23 EMCデータインポート開始
2020/03/11 09:34:24 メール件数 0
2020/03/11 09:34:24 EMCデータインポート 終了
2020/03/11 09:35:25 WEBシステムログファイル出力
2020/03/11 09:35:25 EMCデータインポート開始
2020/03/11 09:35:25 メール件数 0
2020/03/11 09:35:25 EMCデータインポート 終了
2020/03/11 09:36:26 WEBシステムログファイル出力
2020/03/11 09:36:26 EMCデータインポート開始
2020/03/11 09:36:26 メール件数 0
2020/03/11 09:36:26 EMCデータインポート 終了
2020/03/11 09:37:27 WEBシステムログファイル出力
2020/03/11 09:37:27 EMCデータインポート開始
2020/03/11 09:37:28 メール件数 0
2020/03/11 09:37:28 EMCデータインポート 終了
2020/03/11 09:38:28 WEBシステムログファイル出力
2020/03/11 09:38:28 EMCデータインポート開始
2020/03/11 09:38:29 メール件数 0
2020/03/11 09:38:29 EMCデータインポート 終了
2020/03/11 09:39:30 WEBシステムログファイル出力
2020/03/11 09:39:30 EMCデータインポート開始
2020/03/11 09:39:30 メール件数 0
2020/03/11 09:39:30 EMCデータインポート 終了
2020/03/11 09:40:31 WEBシステムログファイル出力
2020/03/11 09:40:31 EMCデータインポート開始
2020/03/11 09:40:31 メール件数 0
2020/03/11 09:40:31 EMCデータインポート 終了
2020/03/11 09:41:32 WEBシステムログファイル出力
2020/03/11 09:41:32 EMCデータインポート開始
2020/03/11 09:41:33 メール件数 0
2020/03/11 09:41:33 EMCデータインポート 終了
2020/03/11 09:42:34 WEBシステムログファイル出力
2020/03/11 09:42:34 EMCデータインポート開始
2020/03/11 09:42:34 メール件数 0
2020/03/11 09:42:34 EMCデータインポート 終了
2020/03/11 09:43:35 WEBシステムログファイル出力
2020/03/11 09:43:35 EMCデータインポート開始
2020/03/11 09:43:36 メール件数 0
2020/03/11 09:43:36 EMCデータインポート 終了
2020/03/11 09:44:36 WEBシステムログファイル出力
2020/03/11 09:44:36 EMCデータインポート開始
2020/03/11 09:44:37 メール件数 0
2020/03/11 09:44:37 EMCデータインポート 終了
2020/03/11 09:45:38 WEBシステムログファイル出力
2020/03/11 09:45:38 EMCデータインポート開始
2020/03/11 09:45:38 メール件数 0
2020/03/11 09:45:38 EMCデータインポート 終了
2020/03/11 09:46:39 WEBシステムログファイル出力
2020/03/11 09:46:39 EMCデータインポート開始
2020/03/11 09:46:40 メール件数 0
2020/03/11 09:46:40 EMCデータインポート 終了
2020/03/11 09:47:40 WEBシステムログファイル出力
2020/03/11 09:47:40 EMCデータインポート開始
2020/03/11 09:47:41 メール件数 0
2020/03/11 09:47:41 EMCデータインポート 終了
2020/03/11 09:48:42 WEBシステムログファイル出力
2020/03/11 09:48:42 EMCデータインポート開始
2020/03/11 09:48:42 メール件数 0
2020/03/11 09:48:42 EMCデータインポート 終了
2020/03/11 09:49:43 WEBシステムログファイル出力
2020/03/11 09:49:43 EMCデータインポート開始
2020/03/11 09:49:43 メール件数 0
2020/03/11 09:49:43 EMCデータインポート 終了
2020/03/11 09:50:44 WEBシステムログファイル出力
2020/03/11 09:50:44 EMCデータインポート開始
2020/03/11 09:50:45 メール件数 0
2020/03/11 09:50:45 EMCデータインポート 終了
2020/03/11 09:51:46 WEBシステムログファイル出力
2020/03/11 09:51:46 EMCデータインポート開始
2020/03/11 09:51:46 メール件数 0
2020/03/11 09:51:46 EMCデータインポート 終了
2020/03/11 09:52:47 WEBシステムログファイル出力
2020/03/11 09:52:47 EMCデータインポート開始
2020/03/11 09:52:47 メール件数 0
2020/03/11 09:52:47 EMCデータインポート 終了
2020/03/11 09:53:48 WEBシステムログファイル出力
2020/03/11 09:53:48 EMCデータインポート開始
2020/03/11 09:53:49 メール件数 0
2020/03/11 09:53:49 EMCデータインポート 終了
2020/03/11 09:54:49 WEBシステムログファイル出力
2020/03/11 09:54:49 EMCデータインポート開始
2020/03/11 09:54:50 メール件数 0
2020/03/11 09:54:50 EMCデータインポート 終了
2020/03/11 09:55:51 WEBシステムログファイル出力
2020/03/11 09:55:51 EMCデータインポート開始
2020/03/11 09:55:51 メール件数 0
2020/03/11 09:55:51 EMCデータインポート 終了
2020/03/11 09:56:52 WEBシステムログファイル出力
2020/03/11 09:56:52 EMCデータインポート開始
2020/03/11 09:56:52 メール件数 0
2020/03/11 09:56:52 EMCデータインポート 終了
2020/03/11 09:57:53 WEBシステムログファイル出力
2020/03/11 09:57:53 EMCデータインポート開始
2020/03/11 09:57:54 メール件数 0
2020/03/11 09:57:54 EMCデータインポート 終了
2020/03/11 09:58:55 WEBシステムログファイル出力
2020/03/11 09:58:55 EMCデータインポート開始
2020/03/11 09:58:55 メール件数 0
2020/03/11 09:58:55 EMCデータインポート 終了
2020/03/11 09:59:56 WEBシステムログファイル出力
2020/03/11 09:59:56 EMCデータインポート開始
2020/03/11 09:59:57 メール件数 0
2020/03/11 09:59:57 EMCデータインポート 終了
2020/03/11 10:00:57 WEBシステムログファイル出力
2020/03/11 10:00:57 EMCデータインポート開始
2020/03/11 10:00:58 メール件数 0
2020/03/11 10:00:58 EMCデータインポート 終了
2020/03/11 10:01:59 WEBシステムログファイル出力
2020/03/11 10:01:59 EMCデータインポート開始
2020/03/11 10:01:59 メール件数 0
2020/03/11 10:01:59 EMCデータインポート 終了
2020/03/11 10:03:00 WEBシステムログファイル出力
2020/03/11 10:03:00 EMCデータインポート開始
2020/03/11 10:03:01 メール件数 0
2020/03/11 10:03:01 EMCデータインポート 終了
2020/03/11 10:04:01 WEBシステムログファイル出力
2020/03/11 10:04:01 EMCデータインポート開始
2020/03/11 10:04:02 メール件数 0
2020/03/11 10:04:02 EMCデータインポート 終了
2020/03/11 10:05:03 WEBシステムログファイル出力
2020/03/11 10:05:03 EMCデータインポート開始
2020/03/11 10:05:03 メール件数 0
2020/03/11 10:05:03 EMCデータインポート 終了
2020/03/11 10:06:04 WEBシステムログファイル出力
2020/03/11 10:06:04 EMCデータインポート開始
2020/03/11 10:06:04 メール件数 0
2020/03/11 10:06:04 EMCデータインポート 終了
2020/03/11 10:07:05 WEBシステムログファイル出力
2020/03/11 10:07:05 EMCデータインポート開始
2020/03/11 10:07:06 メール件数 0
2020/03/11 10:07:06 EMCデータインポート 終了
2020/03/11 10:08:07 WEBシステムログファイル出力
2020/03/11 10:08:07 EMCデータインポート開始
2020/03/11 10:08:07 メール件数 0
2020/03/11 10:08:07 EMCデータインポート 終了
2020/03/11 10:09:08 WEBシステムログファイル出力
2020/03/11 10:09:08 EMCデータインポート開始
2020/03/11 10:09:09 メール件数 0
2020/03/11 10:09:09 EMCデータインポート 終了
2020/03/11 10:10:10 WEBシステムログファイル出力
2020/03/11 10:10:10 EMCデータインポート開始
2020/03/11 10:10:11 メール件数 0
2020/03/11 10:10:11 EMCデータインポート 終了
2020/03/11 10:11:13 WEBシステムログファイル出力
2020/03/11 10:11:13 EMCデータインポート開始
2020/03/11 10:11:14 メール件数 0
2020/03/11 10:11:14 EMCデータインポート 終了
2020/03/11 10:12:15 WEBシステムログファイル出力
2020/03/11 10:12:15 EMCデータインポート開始
2020/03/11 10:12:16 メール件数 0
2020/03/11 10:12:16 EMCデータインポート 終了
2020/03/11 10:13:16 WEBシステムログファイル出力
2020/03/11 10:13:16 EMCデータインポート開始
2020/03/11 10:13:17 メール件数 0
2020/03/11 10:13:17 EMCデータインポート 終了
2020/03/11 10:14:18 WEBシステムログファイル出力
2020/03/11 10:14:18 EMCデータインポート開始
2020/03/11 10:14:18 メール件数 0
2020/03/11 10:14:18 EMCデータインポート 終了
2020/03/11 10:15:19 WEBシステムログファイル出力
2020/03/11 10:15:19 EMCデータインポート開始
2020/03/11 10:15:19 メール件数 0
2020/03/11 10:15:19 EMCデータインポート 終了
2020/03/11 10:16:20 WEBシステムログファイル出力
2020/03/11 10:16:20 EMCデータインポート開始
2020/03/11 10:16:21 メール件数 0
2020/03/11 10:16:21 EMCデータインポート 終了
2020/03/11 10:17:22 WEBシステムログファイル出力
2020/03/11 10:17:22 EMCデータインポート開始
2020/03/11 10:17:22 メール件数 0
2020/03/11 10:17:22 EMCデータインポート 終了
2020/03/11 10:18:23 WEBシステムログファイル出力
2020/03/11 10:18:23 EMCデータインポート開始
2020/03/11 10:18:24 メール件数 0
2020/03/11 10:18:24 EMCデータインポート 終了
2020/03/11 10:19:25 WEBシステムログファイル出力
2020/03/11 10:19:25 EMCデータインポート開始
2020/03/11 10:19:25 メール件数 0
2020/03/11 10:19:25 EMCデータインポート 終了
2020/03/11 10:20:26 WEBシステムログファイル出力
2020/03/11 10:20:26 EMCデータインポート開始
2020/03/11 10:20:27 メール件数 0
2020/03/11 10:20:27 EMCデータインポート 終了
2020/03/11 10:21:28 WEBシステムログファイル出力
2020/03/11 10:21:28 EMCデータインポート開始
2020/03/11 10:21:28 メール件数 0
2020/03/11 10:21:28 EMCデータインポート 終了
2020/03/11 10:22:29 WEBシステムログファイル出力
2020/03/11 10:22:29 EMCデータインポート開始
2020/03/11 10:22:30 メール件数 0
2020/03/11 10:22:30 EMCデータインポート 終了
2020/03/11 10:23:30 WEBシステムログファイル出力
2020/03/11 10:23:30 EMCデータインポート開始
2020/03/11 10:23:31 メール件数 0
2020/03/11 10:23:31 EMCデータインポート 終了
2020/03/11 10:24:32 WEBシステムログファイル出力
2020/03/11 10:24:32 EMCデータインポート開始
2020/03/11 10:24:32 メール件数 0
2020/03/11 10:24:32 EMCデータインポート 終了
2020/03/11 10:25:33 WEBシステムログファイル出力
2020/03/11 10:25:33 EMCデータインポート開始
2020/03/11 10:25:34 メール件数 0
2020/03/11 10:25:34 EMCデータインポート 終了
2020/03/11 10:26:35 WEBシステムログファイル出力
2020/03/11 10:26:35 EMCデータインポート開始
2020/03/11 10:26:35 メール件数 0
2020/03/11 10:26:35 EMCデータインポート 終了
2020/03/11 10:27:36 WEBシステムログファイル出力
2020/03/11 10:27:36 EMCデータインポート開始
2020/03/11 10:27:36 メール件数 0
2020/03/11 10:27:36 EMCデータインポート 終了
2020/03/11 10:28:37 WEBシステムログファイル出力
2020/03/11 10:28:37 EMCデータインポート開始
2020/03/11 10:28:38 メール件数 0
2020/03/11 10:28:38 EMCデータインポート 終了
2020/03/11 10:29:39 WEBシステムログファイル出力
2020/03/11 10:29:39 EMCデータインポート開始
2020/03/11 10:29:40 メール件数 0
2020/03/11 10:29:40 EMCデータインポート 終了
2020/03/11 10:30:45 WEBシステムログファイル出力
2020/03/11 10:30:45 EMCデータインポート開始
2020/03/11 10:30:45 メール件数 0
2020/03/11 10:30:45 EMCデータインポート 終了
2020/03/11 10:31:46 WEBシステムログファイル出力
2020/03/11 10:31:46 EMCデータインポート開始
2020/03/11 10:31:47 メール件数 0
2020/03/11 10:31:47 EMCデータインポート 終了
2020/03/11 10:32:48 WEBシステムログファイル出力
2020/03/11 10:32:48 EMCデータインポート開始
2020/03/11 10:32:48 メール件数 0
2020/03/11 10:32:48 EMCデータインポート 終了
2020/03/11 10:33:49 WEBシステムログファイル出力
2020/03/11 10:33:49 EMCデータインポート開始
2020/03/11 10:33:50 メール件数 0
2020/03/11 10:33:50 EMCデータインポート 終了
2020/03/11 10:34:51 WEBシステムログファイル出力
2020/03/11 10:34:51 EMCデータインポート開始
2020/03/11 10:34:51 メール件数 0
2020/03/11 10:34:51 EMCデータインポート 終了
2020/03/11 10:35:52 WEBシステムログファイル出力
2020/03/11 10:35:52 EMCデータインポート開始
2020/03/11 10:35:53 メール件数 0
2020/03/11 10:35:53 EMCデータインポート 終了
2020/03/11 10:36:54 WEBシステムログファイル出力
2020/03/11 10:36:54 EMCデータインポート開始
2020/03/11 10:36:54 メール件数 0
2020/03/11 10:36:54 EMCデータインポート 終了
2020/03/11 10:37:55 WEBシステムログファイル出力
2020/03/11 10:37:55 EMCデータインポート開始
2020/03/11 10:37:56 メール件数 0
2020/03/11 10:37:56 EMCデータインポート 終了
2020/03/11 10:38:56 WEBシステムログファイル出力
2020/03/11 10:38:56 EMCデータインポート開始
2020/03/11 10:38:57 メール件数 0
2020/03/11 10:38:57 EMCデータインポート 終了
2020/03/11 10:39:58 WEBシステムログファイル出力
2020/03/11 10:39:58 EMCデータインポート開始
2020/03/11 10:39:58 メール件数 0
2020/03/11 10:39:58 EMCデータインポート 終了
2020/03/11 10:40:59 WEBシステムログファイル出力
2020/03/11 10:40:59 EMCデータインポート開始
2020/03/11 10:41:00 メール件数 0
2020/03/11 10:41:00 EMCデータインポート 終了
2020/03/11 10:42:01 WEBシステムログファイル出力
2020/03/11 10:42:01 EMCデータインポート開始
2020/03/11 10:42:01 メール件数 0
2020/03/11 10:42:01 EMCデータインポート 終了
2020/03/11 10:43:02 WEBシステムログファイル出力
2020/03/11 10:43:02 EMCデータインポート開始
2020/03/11 10:43:02 メール件数 0
2020/03/11 10:43:02 EMCデータインポート 終了
2020/03/11 10:44:03 WEBシステムログファイル出力
2020/03/11 10:44:03 EMCデータインポート開始
2020/03/11 10:44:04 メール件数 0
2020/03/11 10:44:04 EMCデータインポート 終了
2020/03/11 10:45:05 WEBシステムログファイル出力
2020/03/11 10:45:05 EMCデータインポート開始
2020/03/11 10:45:05 メール件数 0
2020/03/11 10:45:05 EMCデータインポート 終了
2020/03/11 10:46:06 WEBシステムログファイル出力
2020/03/11 10:46:06 EMCデータインポート開始
2020/03/11 10:46:07 メール件数 0
2020/03/11 10:46:07 EMCデータインポート 終了
2020/03/11 10:47:08 WEBシステムログファイル出力
2020/03/11 10:47:08 EMCデータインポート開始
2020/03/11 10:47:08 メール件数 0
2020/03/11 10:47:08 EMCデータインポート 終了
2020/03/11 10:48:09 WEBシステムログファイル出力
2020/03/11 10:48:09 EMCデータインポート開始
2020/03/11 10:48:10 メール件数 0
2020/03/11 10:48:10 EMCデータインポート 終了
2020/03/11 10:49:11 WEBシステムログファイル出力
2020/03/11 10:49:11 EMCデータインポート開始
2020/03/11 10:49:11 メール件数 0
2020/03/11 10:49:11 EMCデータインポート 終了
2020/03/11 10:50:12 WEBシステムログファイル出力
2020/03/11 10:50:12 EMCデータインポート開始
2020/03/11 10:50:12 メール件数 0
2020/03/11 10:50:12 EMCデータインポート 終了
2020/03/11 10:51:13 WEBシステムログファイル出力
2020/03/11 10:51:13 EMCデータインポート開始
2020/03/11 10:51:14 メール件数 0
2020/03/11 10:51:14 EMCデータインポート 終了
2020/03/11 10:52:15 WEBシステムログファイル出力
2020/03/11 10:52:15 EMCデータインポート開始
2020/03/11 10:52:15 メール件数 0
2020/03/11 10:52:15 EMCデータインポート 終了
2020/03/11 10:53:16 WEBシステムログファイル出力
2020/03/11 10:53:16 EMCデータインポート開始
2020/03/11 10:53:17 メール件数 0
2020/03/11 10:53:17 EMCデータインポート 終了
2020/03/11 10:54:17 WEBシステムログファイル出力
2020/03/11 10:54:17 EMCデータインポート開始
2020/03/11 10:54:18 メール件数 0
2020/03/11 10:54:18 EMCデータインポート 終了
2020/03/11 10:55:19 WEBシステムログファイル出力
2020/03/11 10:55:19 EMCデータインポート開始
2020/03/11 10:55:19 メール件数 0
2020/03/11 10:55:19 EMCデータインポート 終了
2020/03/11 10:56:20 WEBシステムログファイル出力
2020/03/11 10:56:20 EMCデータインポート開始
2020/03/11 10:56:21 メール件数 0
2020/03/11 10:56:21 EMCデータインポート 終了
2020/03/11 10:57:21 WEBシステムログファイル出力
2020/03/11 10:57:21 EMCデータインポート開始
2020/03/11 10:57:22 メール件数 0
2020/03/11 10:57:22 EMCデータインポート 終了
2020/03/11 10:58:23 WEBシステムログファイル出力
2020/03/11 10:58:23 EMCデータインポート開始
2020/03/11 10:58:23 メール件数 0
2020/03/11 10:58:23 EMCデータインポート 終了
2020/03/11 10:59:24 WEBシステムログファイル出力
2020/03/11 10:59:24 EMCデータインポート開始
2020/03/11 10:59:25 メール件数 0
2020/03/11 10:59:25 EMCデータインポート 終了
2020/03/11 11:00:27 WEBシステムログファイル出力
2020/03/11 11:00:27 EMCデータインポート開始
2020/03/11 11:00:28 メール件数 0
2020/03/11 11:00:28 EMCデータインポート 終了
2020/03/11 11:01:31 WEBシステムログファイル出力
2020/03/11 11:01:31 EMCデータインポート開始
2020/03/11 11:01:31 メール件数 0
2020/03/11 11:01:31 EMCデータインポート 終了
2020/03/11 11:02:33 WEBシステムログファイル出力
2020/03/11 11:02:33 EMCデータインポート開始
2020/03/11 11:02:33 メール件数 0
2020/03/11 11:02:33 EMCデータインポート 終了
2020/03/11 11:03:34 WEBシステムログファイル出力
2020/03/11 11:03:34 EMCデータインポート開始
2020/03/11 11:03:35 メール件数 0
2020/03/11 11:03:35 EMCデータインポート 終了
2020/03/11 11:04:36 WEBシステムログファイル出力
2020/03/11 11:04:36 EMCデータインポート開始
2020/03/11 11:04:37 メール件数 0
2020/03/11 11:04:37 EMCデータインポート 終了
2020/03/11 11:05:38 WEBシステムログファイル出力
2020/03/11 11:05:38 EMCデータインポート開始
2020/03/11 11:05:38 メール件数 0
2020/03/11 11:05:38 EMCデータインポート 終了
2020/03/11 11:06:39 WEBシステムログファイル出力
2020/03/11 11:06:39 EMCデータインポート開始
2020/03/11 11:06:39 メール件数 0
2020/03/11 11:06:39 EMCデータインポート 終了
2020/03/11 11:07:40 WEBシステムログファイル出力
2020/03/11 11:07:40 EMCデータインポート開始
2020/03/11 11:07:41 メール件数 0
2020/03/11 11:07:41 EMCデータインポート 終了
2020/03/11 11:08:42 WEBシステムログファイル出力
2020/03/11 11:08:42 EMCデータインポート開始
2020/03/11 11:08:42 メール件数 0
2020/03/11 11:08:42 EMCデータインポート 終了
2020/03/11 11:09:43 WEBシステムログファイル出力
2020/03/11 11:09:43 EMCデータインポート開始
2020/03/11 11:09:43 メール件数 0
2020/03/11 11:09:43 EMCデータインポート 終了
2020/03/11 11:10:44 WEBシステムログファイル出力
2020/03/11 11:10:44 EMCデータインポート開始
2020/03/11 11:10:45 メール件数 0
2020/03/11 11:10:45 EMCデータインポート 終了
2020/03/11 11:11:45 WEBシステムログファイル出力
2020/03/11 11:11:46 EMCデータインポート開始
2020/03/11 11:11:46 メール件数 0
2020/03/11 11:11:46 EMCデータインポート 終了
2020/03/11 11:12:47 WEBシステムログファイル出力
2020/03/11 11:12:47 EMCデータインポート開始
2020/03/11 11:12:47 メール件数 0
2020/03/11 11:12:47 EMCデータインポート 終了
2020/03/11 11:13:48 WEBシステムログファイル出力
2020/03/11 11:13:48 EMCデータインポート開始
2020/03/11 11:13:49 メール件数 0
2020/03/11 11:13:49 EMCデータインポート 終了
2020/03/11 11:14:50 WEBシステムログファイル出力
2020/03/11 11:14:50 EMCデータインポート開始
2020/03/11 11:14:50 メール件数 0
2020/03/11 11:14:50 EMCデータインポート 終了
2020/03/11 11:15:51 WEBシステムログファイル出力
2020/03/11 11:15:51 EMCデータインポート開始
2020/03/11 11:15:52 メール件数 0
2020/03/11 11:15:52 EMCデータインポート 終了
2020/03/11 11:16:52 WEBシステムログファイル出力
2020/03/11 11:16:52 EMCデータインポート開始
2020/03/11 11:16:53 メール件数 0
2020/03/11 11:16:53 EMCデータインポート 終了
2020/03/11 11:17:54 WEBシステムログファイル出力
2020/03/11 11:17:54 EMCデータインポート開始
2020/03/11 11:17:54 メール件数 0
2020/03/11 11:17:54 EMCデータインポート 終了
2020/03/11 11:18:55 WEBシステムログファイル出力
2020/03/11 11:18:55 EMCデータインポート開始
2020/03/11 11:18:56 メール件数 0
2020/03/11 11:18:56 EMCデータインポート 終了
2020/03/11 11:19:56 WEBシステムログファイル出力
2020/03/11 11:19:56 EMCデータインポート開始
2020/03/11 11:19:57 メール件数 0
2020/03/11 11:19:57 EMCデータインポート 終了
2020/03/11 11:20:58 WEBシステムログファイル出力
2020/03/11 11:20:58 EMCデータインポート開始
2020/03/11 11:20:58 メール件数 0
2020/03/11 11:20:58 EMCデータインポート 終了
2020/03/11 11:21:59 WEBシステムログファイル出力
2020/03/11 11:21:59 EMCデータインポート開始
2020/03/11 11:22:00 メール件数 0
2020/03/11 11:22:00 EMCデータインポート 終了
2020/03/11 11:23:00 WEBシステムログファイル出力
2020/03/11 11:23:01 EMCデータインポート開始
2020/03/11 11:23:01 メール件数 0
2020/03/11 11:23:01 EMCデータインポート 終了
2020/03/11 11:24:02 WEBシステムログファイル出力
2020/03/11 11:24:02 EMCデータインポート開始
2020/03/11 11:24:02 メール件数 0
2020/03/11 11:24:03 EMCデータインポート 終了
2020/03/11 11:25:03 WEBシステムログファイル出力
2020/03/11 11:25:03 EMCデータインポート開始
2020/03/11 11:25:04 メール件数 0
2020/03/11 11:25:04 EMCデータインポート 終了
2020/03/11 11:26:05 WEBシステムログファイル出力
2020/03/11 11:26:05 EMCデータインポート開始
2020/03/11 11:26:05 メール件数 0
2020/03/11 11:26:05 EMCデータインポート 終了
2020/03/11 11:27:06 WEBシステムログファイル出力
2020/03/11 11:27:06 EMCデータインポート開始
2020/03/11 11:27:07 メール件数 0
2020/03/11 11:27:07 EMCデータインポート 終了
2020/03/11 11:28:08 WEBシステムログファイル出力
2020/03/11 11:28:08 EMCデータインポート開始
2020/03/11 11:28:08 メール件数 0
2020/03/11 11:28:08 EMCデータインポート 終了
2020/03/11 11:29:09 WEBシステムログファイル出力
2020/03/11 11:29:09 EMCデータインポート開始
2020/03/11 11:29:10 メール件数 0
2020/03/11 11:29:10 EMCデータインポート 終了
2020/03/11 11:30:11 WEBシステムログファイル出力
2020/03/11 11:30:11 EMCデータインポート開始
2020/03/11 11:30:11 メール件数 0
2020/03/11 11:30:11 EMCデータインポート 終了
2020/03/11 11:31:12 WEBシステムログファイル出力
2020/03/11 11:31:12 EMCデータインポート開始
2020/03/11 11:31:12 メール件数 0
2020/03/11 11:31:12 EMCデータインポート 終了
2020/03/11 11:32:13 WEBシステムログファイル出力
2020/03/11 11:32:13 EMCデータインポート開始
2020/03/11 11:32:14 メール件数 0
2020/03/11 11:32:14 EMCデータインポート 終了
2020/03/11 11:33:15 WEBシステムログファイル出力
2020/03/11 11:33:15 EMCデータインポート開始
2020/03/11 11:33:15 メール件数 0
2020/03/11 11:33:15 EMCデータインポート 終了
2020/03/11 11:34:16 WEBシステムログファイル出力
2020/03/11 11:34:16 EMCデータインポート開始
2020/03/11 11:34:17 メール件数 0
2020/03/11 11:34:17 EMCデータインポート 終了
2020/03/11 11:35:18 WEBシステムログファイル出力
2020/03/11 11:35:18 EMCデータインポート開始
2020/03/11 11:35:18 メール件数 0
2020/03/11 11:35:18 EMCデータインポート 終了
2020/03/11 11:36:20 WEBシステムログファイル出力
2020/03/11 11:36:20 EMCデータインポート開始
2020/03/11 11:36:20 メール件数 0
2020/03/11 11:36:20 EMCデータインポート 終了
2020/03/11 11:37:22 WEBシステムログファイル出力
2020/03/11 11:37:22 EMCデータインポート開始
2020/03/11 11:37:22 メール件数 0
2020/03/11 11:37:22 EMCデータインポート 終了
2020/03/11 11:38:23 WEBシステムログファイル出力
2020/03/11 11:38:23 EMCデータインポート開始
2020/03/11 11:38:24 メール件数 0
2020/03/11 11:38:24 EMCデータインポート 終了
2020/03/11 11:39:25 WEBシステムログファイル出力
2020/03/11 11:39:25 EMCデータインポート開始
2020/03/11 11:39:25 メール件数 0
2020/03/11 11:39:26 EMCデータインポート 終了
2020/03/11 11:40:26 WEBシステムログファイル出力
2020/03/11 11:40:26 EMCデータインポート開始
2020/03/11 11:40:27 メール件数 0
2020/03/11 11:40:27 EMCデータインポート 終了
2020/03/11 11:41:28 WEBシステムログファイル出力
2020/03/11 11:41:28 EMCデータインポート開始
2020/03/11 11:41:29 メール件数 0
2020/03/11 11:41:29 EMCデータインポート 終了
2020/03/11 11:42:30 WEBシステムログファイル出力
2020/03/11 11:42:30 EMCデータインポート開始
2020/03/11 11:42:31 メール件数 0
2020/03/11 11:42:31 EMCデータインポート 終了
2020/03/11 11:43:32 WEBシステムログファイル出力
2020/03/11 11:43:32 EMCデータインポート開始
2020/03/11 11:43:33 メール件数 0
2020/03/11 11:43:33 EMCデータインポート 終了
2020/03/11 11:44:34 WEBシステムログファイル出力
2020/03/11 11:44:34 EMCデータインポート開始
2020/03/11 11:44:35 メール件数 0
2020/03/11 11:44:35 EMCデータインポート 終了
2020/03/11 11:45:36 WEBシステムログファイル出力
2020/03/11 11:45:36 EMCデータインポート開始
2020/03/11 11:45:36 メール件数 0
2020/03/11 11:45:36 EMCデータインポート 終了
2020/03/11 11:46:37 WEBシステムログファイル出力
2020/03/11 11:46:37 EMCデータインポート開始
2020/03/11 11:46:38 メール件数 0
2020/03/11 11:46:38 EMCデータインポート 終了
2020/03/11 11:47:39 WEBシステムログファイル出力
2020/03/11 11:47:39 EMCデータインポート開始
2020/03/11 11:47:39 メール件数 0
2020/03/11 11:47:39 EMCデータインポート 終了
2020/03/11 11:48:40 WEBシステムログファイル出力
2020/03/11 11:48:40 EMCデータインポート開始
2020/03/11 11:48:41 メール件数 0
2020/03/11 11:48:41 EMCデータインポート 終了
2020/03/11 11:49:41 WEBシステムログファイル出力
2020/03/11 11:49:41 EMCデータインポート開始
2020/03/11 11:49:42 メール件数 0
2020/03/11 11:49:42 EMCデータインポート 終了
2020/03/11 11:50:43 WEBシステムログファイル出力
2020/03/11 11:50:43 EMCデータインポート開始
2020/03/11 11:50:44 メール件数 0
2020/03/11 11:50:44 EMCデータインポート 終了
2020/03/11 11:51:45 WEBシステムログファイル出力
2020/03/11 11:51:45 EMCデータインポート開始
2020/03/11 11:51:45 メール件数 0
2020/03/11 11:51:45 EMCデータインポート 終了
2020/03/11 11:52:47 WEBシステムログファイル出力
2020/03/11 11:52:47 EMCデータインポート開始
2020/03/11 11:52:47 メール件数 0
2020/03/11 11:52:48 EMCデータインポート 終了
2020/03/11 11:53:49 WEBシステムログファイル出力
2020/03/11 11:53:49 EMCデータインポート開始
2020/03/11 11:53:49 メール件数 0
2020/03/11 11:53:49 EMCデータインポート 終了
2020/03/11 11:54:50 WEBシステムログファイル出力
2020/03/11 11:54:50 EMCデータインポート開始
2020/03/11 11:54:51 メール件数 0
2020/03/11 11:54:51 EMCデータインポート 終了
2020/03/11 11:55:53 WEBシステムログファイル出力
2020/03/11 11:55:53 EMCデータインポート開始
2020/03/11 11:55:54 メール件数 0
2020/03/11 11:55:54 EMCデータインポート 終了
2020/03/11 11:56:55 WEBシステムログファイル出力
2020/03/11 11:56:55 EMCデータインポート開始
2020/03/11 11:56:55 メール件数 0
2020/03/11 11:56:55 EMCデータインポート 終了
2020/03/11 11:57:57 WEBシステムログファイル出力
2020/03/11 11:57:57 EMCデータインポート開始
2020/03/11 11:57:57 メール件数 0
2020/03/11 11:57:57 EMCデータインポート 終了
2020/03/11 11:58:58 WEBシステムログファイル出力
2020/03/11 11:58:58 EMCデータインポート開始
2020/03/11 11:58:59 メール件数 0
2020/03/11 11:58:59 EMCデータインポート 終了
2020/03/11 11:59:59 WEBシステムログファイル出力
2020/03/11 12:00:00 EMCデータインポート開始
2020/03/11 12:00:00 メール件数 0
2020/03/11 12:00:00 EMCデータインポート 終了
2020/03/11 12:01:01 WEBシステムログファイル出力
2020/03/11 12:01:01 EMCデータインポート開始
2020/03/11 12:01:01 メール件数 0
2020/03/11 12:01:01 EMCデータインポート 終了
2020/03/11 12:02:02 WEBシステムログファイル出力
2020/03/11 12:02:02 EMCデータインポート開始
2020/03/11 12:02:03 メール件数 0
2020/03/11 12:02:03 EMCデータインポート 終了
2020/03/11 12:03:03 WEBシステムログファイル出力
2020/03/11 12:03:03 EMCデータインポート開始
2020/03/11 12:03:04 メール件数 0
2020/03/11 12:03:04 EMCデータインポート 終了
2020/03/11 12:04:04 WEBシステムログファイル出力
2020/03/11 12:04:04 EMCデータインポート開始
2020/03/11 12:04:05 メール件数 0
2020/03/11 12:04:05 EMCデータインポート 終了
2020/03/11 12:05:06 WEBシステムログファイル出力
2020/03/11 12:05:06 EMCデータインポート開始
2020/03/11 12:05:06 メール件数 0
2020/03/11 12:05:06 EMCデータインポート 終了
2020/03/11 12:06:07 WEBシステムログファイル出力
2020/03/11 12:06:07 EMCデータインポート開始
2020/03/11 12:06:07 メール件数 0
2020/03/11 12:06:07 EMCデータインポート 終了
2020/03/11 12:07:08 WEBシステムログファイル出力
2020/03/11 12:07:08 EMCデータインポート開始
2020/03/11 12:07:09 メール件数 0
2020/03/11 12:07:09 EMCデータインポート 終了
2020/03/11 12:08:09 WEBシステムログファイル出力
2020/03/11 12:08:09 EMCデータインポート開始
2020/03/11 12:08:10 メール件数 0
2020/03/11 12:08:10 EMCデータインポート 終了
2020/03/11 12:09:10 WEBシステムログファイル出力
2020/03/11 12:09:10 EMCデータインポート開始
2020/03/11 12:09:11 メール件数 0
2020/03/11 12:09:11 EMCデータインポート 終了
2020/03/11 12:10:11 WEBシステムログファイル出力
2020/03/11 12:10:11 EMCデータインポート開始
2020/03/11 12:10:12 メール件数 0
2020/03/11 12:10:12 EMCデータインポート 終了
2020/03/11 12:11:12 WEBシステムログファイル出力
2020/03/11 12:11:12 EMCデータインポート開始
2020/03/11 12:11:13 メール件数 0
2020/03/11 12:11:13 EMCデータインポート 終了
2020/03/11 12:12:13 WEBシステムログファイル出力
2020/03/11 12:12:13 EMCデータインポート開始
2020/03/11 12:12:14 メール件数 0
2020/03/11 12:12:14 EMCデータインポート 終了
2020/03/11 12:13:14 WEBシステムログファイル出力
2020/03/11 12:13:14 EMCデータインポート開始
2020/03/11 12:13:14 メール件数 0
2020/03/11 12:13:15 EMCデータインポート 終了
2020/03/11 12:14:15 WEBシステムログファイル出力
2020/03/11 12:14:15 EMCデータインポート開始
2020/03/11 12:14:16 メール件数 0
2020/03/11 12:14:16 EMCデータインポート 終了
2020/03/11 12:15:16 WEBシステムログファイル出力
2020/03/11 12:15:16 EMCデータインポート開始
2020/03/11 12:15:17 メール件数 0
2020/03/11 12:15:17 EMCデータインポート 終了
2020/03/11 12:16:17 WEBシステムログファイル出力
2020/03/11 12:16:17 EMCデータインポート開始
2020/03/11 12:16:18 メール件数 0
2020/03/11 12:16:18 EMCデータインポート 終了
2020/03/11 12:17:18 WEBシステムログファイル出力
2020/03/11 12:17:18 EMCデータインポート開始
2020/03/11 12:17:19 メール件数 0
2020/03/11 12:17:19 EMCデータインポート 終了
2020/03/11 12:18:19 WEBシステムログファイル出力
2020/03/11 12:18:19 EMCデータインポート開始
2020/03/11 12:18:20 メール件数 0
2020/03/11 12:18:20 EMCデータインポート 終了
2020/03/11 12:19:20 WEBシステムログファイル出力
2020/03/11 12:19:20 EMCデータインポート開始
2020/03/11 12:19:21 メール件数 0
2020/03/11 12:19:21 EMCデータインポート 終了
2020/03/11 12:20:21 WEBシステムログファイル出力
2020/03/11 12:20:21 EMCデータインポート開始
2020/03/11 12:20:22 メール件数 0
2020/03/11 12:20:22 EMCデータインポート 終了
2020/03/11 12:21:22 WEBシステムログファイル出力
2020/03/11 12:21:22 EMCデータインポート開始
2020/03/11 12:21:23 メール件数 0
2020/03/11 12:21:23 EMCデータインポート 終了
2020/03/11 12:22:23 WEBシステムログファイル出力
2020/03/11 12:22:23 EMCデータインポート開始
2020/03/11 12:22:24 メール件数 0
2020/03/11 12:22:24 EMCデータインポート 終了
2020/03/11 12:23:24 WEBシステムログファイル出力
2020/03/11 12:23:24 EMCデータインポート開始
2020/03/11 12:23:25 メール件数 0
2020/03/11 12:23:25 EMCデータインポート 終了
2020/03/11 12:24:25 WEBシステムログファイル出力
2020/03/11 12:24:25 EMCデータインポート開始
2020/03/11 12:24:26 メール件数 0
2020/03/11 12:24:26 EMCデータインポート 終了
2020/03/11 12:25:26 WEBシステムログファイル出力
2020/03/11 12:25:26 EMCデータインポート開始
2020/03/11 12:25:27 メール件数 0
2020/03/11 12:25:27 EMCデータインポート 終了
2020/03/11 12:26:27 WEBシステムログファイル出力
2020/03/11 12:26:27 EMCデータインポート開始
2020/03/11 12:26:28 メール件数 0
2020/03/11 12:26:28 EMCデータインポート 終了
2020/03/11 12:27:28 WEBシステムログファイル出力
2020/03/11 12:27:28 EMCデータインポート開始
2020/03/11 12:27:29 メール件数 0
2020/03/11 12:27:29 EMCデータインポート 終了
2020/03/11 12:28:29 WEBシステムログファイル出力
2020/03/11 12:28:29 EMCデータインポート開始
2020/03/11 12:28:30 メール件数 0
2020/03/11 12:28:30 EMCデータインポート 終了
2020/03/11 12:29:30 WEBシステムログファイル出力
2020/03/11 12:29:30 EMCデータインポート開始
2020/03/11 12:29:31 メール件数 0
2020/03/11 12:29:31 EMCデータインポート 終了
2020/03/11 12:30:31 WEBシステムログファイル出力
2020/03/11 12:30:31 EMCデータインポート開始
2020/03/11 12:30:32 メール件数 0
2020/03/11 12:30:32 EMCデータインポート 終了
2020/03/11 12:31:32 WEBシステムログファイル出力
2020/03/11 12:31:32 EMCデータインポート開始
2020/03/11 12:31:33 メール件数 0
2020/03/11 12:31:33 EMCデータインポート 終了
2020/03/11 12:32:33 WEBシステムログファイル出力
2020/03/11 12:32:33 EMCデータインポート開始
2020/03/11 12:32:34 メール件数 0
2020/03/11 12:32:34 EMCデータインポート 終了
2020/03/11 12:33:34 WEBシステムログファイル出力
2020/03/11 12:33:34 EMCデータインポート開始
2020/03/11 12:33:35 メール件数 0
2020/03/11 12:33:35 EMCデータインポート 終了
2020/03/11 12:34:36 WEBシステムログファイル出力
2020/03/11 12:34:36 EMCデータインポート開始
2020/03/11 12:34:37 メール件数 0
2020/03/11 12:34:37 EMCデータインポート 終了
2020/03/11 12:35:37 WEBシステムログファイル出力
2020/03/11 12:35:37 EMCデータインポート開始
2020/03/11 12:35:38 メール件数 0
2020/03/11 12:35:38 EMCデータインポート 終了
2020/03/11 12:36:38 WEBシステムログファイル出力
2020/03/11 12:36:38 EMCデータインポート開始
2020/03/11 12:36:39 メール件数 0
2020/03/11 12:36:39 EMCデータインポート 終了
2020/03/11 12:37:40 WEBシステムログファイル出力
2020/03/11 12:37:40 EMCデータインポート開始
2020/03/11 12:37:40 メール件数 0
2020/03/11 12:37:40 EMCデータインポート 終了
2020/03/11 12:38:41 WEBシステムログファイル出力
2020/03/11 12:38:41 EMCデータインポート開始
2020/03/11 12:38:41 メール件数 0
2020/03/11 12:38:41 EMCデータインポート 終了
2020/03/11 12:39:42 WEBシステムログファイル出力
2020/03/11 12:39:42 EMCデータインポート開始
2020/03/11 12:39:42 メール件数 0
2020/03/11 12:39:42 EMCデータインポート 終了
2020/03/11 12:40:43 WEBシステムログファイル出力
2020/03/11 12:40:43 EMCデータインポート開始
2020/03/11 12:40:43 メール件数 0
2020/03/11 12:40:43 EMCデータインポート 終了
2020/03/11 12:41:44 WEBシステムログファイル出力
2020/03/11 12:41:44 EMCデータインポート開始
2020/03/11 12:41:44 メール件数 0
2020/03/11 12:41:44 EMCデータインポート 終了
2020/03/11 12:42:45 WEBシステムログファイル出力
2020/03/11 12:42:45 EMCデータインポート開始
2020/03/11 12:42:45 メール件数 0
2020/03/11 12:42:45 EMCデータインポート 終了
2020/03/11 12:43:46 WEBシステムログファイル出力
2020/03/11 12:43:46 EMCデータインポート開始
2020/03/11 12:43:46 メール件数 0
2020/03/11 12:43:46 EMCデータインポート 終了
2020/03/11 12:44:47 WEBシステムログファイル出力
2020/03/11 12:44:47 EMCデータインポート開始
2020/03/11 12:44:48 メール件数 0
2020/03/11 12:44:48 EMCデータインポート 終了
2020/03/11 12:45:48 WEBシステムログファイル出力
2020/03/11 12:45:48 EMCデータインポート開始
2020/03/11 12:45:49 メール件数 0
2020/03/11 12:45:49 EMCデータインポート 終了
2020/03/11 12:46:49 WEBシステムログファイル出力
2020/03/11 12:46:49 EMCデータインポート開始
2020/03/11 12:46:50 メール件数 0
2020/03/11 12:46:50 EMCデータインポート 終了
2020/03/11 12:47:50 WEBシステムログファイル出力
2020/03/11 12:47:50 EMCデータインポート開始
2020/03/11 12:47:51 メール件数 0
2020/03/11 12:47:51 EMCデータインポート 終了
2020/03/11 12:48:51 WEBシステムログファイル出力
2020/03/11 12:48:51 EMCデータインポート開始
2020/03/11 12:48:52 メール件数 0
2020/03/11 12:48:52 EMCデータインポート 終了
2020/03/11 12:49:52 WEBシステムログファイル出力
2020/03/11 12:49:52 EMCデータインポート開始
2020/03/11 12:49:53 メール件数 0
2020/03/11 12:49:53 EMCデータインポート 終了
2020/03/11 12:50:53 WEBシステムログファイル出力
2020/03/11 12:50:53 EMCデータインポート開始
2020/03/11 12:50:54 メール件数 0
2020/03/11 12:50:54 EMCデータインポート 終了
2020/03/11 12:51:54 WEBシステムログファイル出力
2020/03/11 12:51:54 EMCデータインポート開始
2020/03/11 12:51:55 メール件数 0
2020/03/11 12:51:55 EMCデータインポート 終了
2020/03/11 12:52:55 WEBシステムログファイル出力
2020/03/11 12:52:55 EMCデータインポート開始
2020/03/11 12:52:56 メール件数 0
2020/03/11 12:52:56 EMCデータインポート 終了
2020/03/11 12:53:57 WEBシステムログファイル出力
2020/03/11 12:53:57 EMCデータインポート開始
2020/03/11 12:53:57 メール件数 0
2020/03/11 12:53:57 EMCデータインポート 終了
2020/03/11 12:54:58 WEBシステムログファイル出力
2020/03/11 12:54:58 EMCデータインポート開始
2020/03/11 12:54:58 メール件数 0
2020/03/11 12:54:58 EMCデータインポート 終了
2020/03/11 12:55:59 WEBシステムログファイル出力
2020/03/11 12:55:59 EMCデータインポート開始
2020/03/11 12:56:00 メール件数 0
2020/03/11 12:56:00 EMCデータインポート 終了
2020/03/11 12:57:00 WEBシステムログファイル出力
2020/03/11 12:57:00 EMCデータインポート開始
2020/03/11 12:57:01 メール件数 0
2020/03/11 12:57:01 EMCデータインポート 終了
2020/03/11 12:58:01 WEBシステムログファイル出力
2020/03/11 12:58:01 EMCデータインポート開始
2020/03/11 12:58:02 メール件数 0
2020/03/11 12:58:02 EMCデータインポート 終了
2020/03/11 12:59:02 WEBシステムログファイル出力
2020/03/11 12:59:02 EMCデータインポート開始
2020/03/11 12:59:03 メール件数 0
2020/03/11 12:59:03 EMCデータインポート 終了
2020/03/11 13:00:03 WEBシステムログファイル出力
2020/03/11 13:00:03 EMCデータインポート開始
2020/03/11 13:00:04 メール件数 0
2020/03/11 13:00:04 EMCデータインポート 終了
2020/03/11 13:01:05 WEBシステムログファイル出力
2020/03/11 13:01:05 EMCデータインポート開始
2020/03/11 13:01:05 メール件数 0
2020/03/11 13:01:05 EMCデータインポート 終了
2020/03/11 13:02:42 EMCデータインポート開始
2020/03/11 13:02:43 メール件数 0
2020/03/11 13:02:43 EMCデータインポート 終了
2020/03/11 13:03:45 WEBシステムログファイル出力
2020/03/11 13:03:45 EMCデータインポート開始
2020/03/11 13:03:46 メール件数 0
2020/03/11 13:03:46 EMCデータインポート 終了
2020/03/11 13:04:47 WEBシステムログファイル出力
2020/03/11 13:04:47 EMCデータインポート開始
2020/03/11 13:04:47 メール件数 0
2020/03/11 13:04:47 EMCデータインポート 終了
2020/03/11 13:05:48 WEBシステムログファイル出力
2020/03/11 13:05:48 EMCデータインポート開始
2020/03/11 13:05:49 メール件数 0
2020/03/11 13:05:49 EMCデータインポート 終了
2020/03/11 13:06:50 WEBシステムログファイル出力
2020/03/11 13:06:50 EMCデータインポート開始
2020/03/11 13:06:50 メール件数 0
2020/03/11 13:06:50 EMCデータインポート 終了
2020/03/11 13:07:52 WEBシステムログファイル出力
2020/03/11 13:07:52 EMCデータインポート開始
2020/03/11 13:07:52 メール件数 0
2020/03/11 13:07:52 EMCデータインポート 終了
2020/03/11 13:08:53 WEBシステムログファイル出力
2020/03/11 13:08:53 EMCデータインポート開始
2020/03/11 13:08:53 メール件数 0
2020/03/11 13:08:53 EMCデータインポート 終了
2020/03/11 13:09:54 WEBシステムログファイル出力
2020/03/11 13:09:54 EMCデータインポート開始
2020/03/11 13:09:55 メール件数 0
2020/03/11 13:09:55 EMCデータインポート 終了
2020/03/11 13:10:56 WEBシステムログファイル出力
2020/03/11 13:10:56 EMCデータインポート開始
2020/03/11 13:10:57 メール件数 0
2020/03/11 13:10:57 EMCデータインポート 終了
2020/03/11 13:11:58 WEBシステムログファイル出力
2020/03/11 13:11:58 EMCデータインポート開始
2020/03/11 13:11:58 メール件数 0
2020/03/11 13:11:58 EMCデータインポート 終了
2020/03/11 13:12:59 WEBシステムログファイル出力
2020/03/11 13:12:59 EMCデータインポート開始
2020/03/11 13:13:00 メール件数 0
2020/03/11 13:13:00 EMCデータインポート 終了
2020/03/11 13:14:01 WEBシステムログファイル出力
2020/03/11 13:14:01 EMCデータインポート開始
2020/03/11 13:14:02 メール件数 0
2020/03/11 13:14:02 EMCデータインポート 終了
2020/03/11 13:15:03 WEBシステムログファイル出力
2020/03/11 13:15:03 EMCデータインポート開始
2020/03/11 13:15:04 メール件数 0
2020/03/11 13:15:04 EMCデータインポート 終了
2020/03/11 13:16:05 WEBシステムログファイル出力
2020/03/11 13:16:05 EMCデータインポート開始
2020/03/11 13:16:05 メール件数 0
2020/03/11 13:16:05 EMCデータインポート 終了
2020/03/11 13:17:06 WEBシステムログファイル出力
2020/03/11 13:17:06 EMCデータインポート開始
2020/03/11 13:17:07 メール件数 0
2020/03/11 13:17:07 EMCデータインポート 終了
2020/03/11 13:18:08 WEBシステムログファイル出力
2020/03/11 13:18:08 EMCデータインポート開始
2020/03/11 13:18:09 メール件数 0
2020/03/11 13:18:09 EMCデータインポート 終了
2020/03/11 13:19:10 WEBシステムログファイル出力
2020/03/11 13:19:10 EMCデータインポート開始
2020/03/11 13:19:10 メール件数 0
2020/03/11 13:19:10 EMCデータインポート 終了
2020/03/11 13:20:11 WEBシステムログファイル出力
2020/03/11 13:20:11 EMCデータインポート開始
2020/03/11 13:20:12 メール件数 0
2020/03/11 13:20:12 EMCデータインポート 終了
2020/03/11 13:21:13 WEBシステムログファイル出力
2020/03/11 13:21:13 EMCデータインポート開始
2020/03/11 13:21:14 メール件数 0
2020/03/11 13:21:14 EMCデータインポート 終了
2020/03/11 13:22:15 WEBシステムログファイル出力
2020/03/11 13:22:15 EMCデータインポート開始
2020/03/11 13:22:15 メール件数 0
2020/03/11 13:22:15 EMCデータインポート 終了
2020/03/11 13:23:16 WEBシステムログファイル出力
2020/03/11 13:23:16 EMCデータインポート開始
2020/03/11 13:23:17 メール件数 0
2020/03/11 13:23:17 EMCデータインポート 終了
2020/03/11 13:24:18 WEBシステムログファイル出力
2020/03/11 13:24:18 EMCデータインポート開始
2020/03/11 13:24:19 メール件数 0
2020/03/11 13:24:19 EMCデータインポート 終了
2020/03/11 13:25:20 WEBシステムログファイル出力
2020/03/11 13:25:20 EMCデータインポート開始
2020/03/11 13:25:21 メール件数 0
2020/03/11 13:25:21 EMCデータインポート 終了
2020/03/11 13:26:22 WEBシステムログファイル出力
2020/03/11 13:26:22 EMCデータインポート開始
2020/03/11 13:26:23 メール件数 0
2020/03/11 13:26:23 EMCデータインポート 終了
2020/03/11 13:27:24 WEBシステムログファイル出力
2020/03/11 13:27:24 EMCデータインポート開始
2020/03/11 13:27:24 メール件数 0
2020/03/11 13:27:24 EMCデータインポート 終了
2020/03/11 13:28:31 WEBシステムログファイル出力
2020/03/11 13:28:31 EMCデータインポート開始
2020/03/11 13:28:32 メール件数 0
2020/03/11 13:28:32 EMCデータインポート 終了
2020/03/11 13:29:42 WEBシステムログファイル出力
2020/03/11 13:29:42 EMCデータインポート開始
2020/03/11 13:29:42 メール件数 0
2020/03/11 13:29:42 EMCデータインポート 終了
2020/03/11 13:30:44 WEBシステムログファイル出力
2020/03/11 13:30:44 EMCデータインポート開始
2020/03/11 13:30:44 メール件数 0
2020/03/11 13:30:44 EMCデータインポート 終了
2020/03/11 13:31:46 WEBシステムログファイル出力
2020/03/11 13:31:46 EMCデータインポート開始
2020/03/11 13:31:47 メール件数 0
2020/03/11 13:31:47 EMCデータインポート 終了
2020/03/11 13:32:48 WEBシステムログファイル出力
2020/03/11 13:32:48 EMCデータインポート開始
2020/03/11 13:32:49 メール件数 0
2020/03/11 13:32:49 EMCデータインポート 終了
2020/03/11 13:33:50 WEBシステムログファイル出力
2020/03/11 13:33:50 EMCデータインポート開始
2020/03/11 13:33:51 メール件数 0
2020/03/11 13:33:51 EMCデータインポート 終了
2020/03/11 13:34:52 WEBシステムログファイル出力
2020/03/11 13:34:52 EMCデータインポート開始
2020/03/11 13:34:53 メール件数 0
2020/03/11 13:34:53 EMCデータインポート 終了
2020/03/11 13:35:54 WEBシステムログファイル出力
2020/03/11 13:35:54 EMCデータインポート開始
2020/03/11 13:35:55 メール件数 0
2020/03/11 13:35:55 EMCデータインポート 終了
2020/03/11 13:36:56 WEBシステムログファイル出力
2020/03/11 13:36:56 EMCデータインポート開始
2020/03/11 13:36:57 メール件数 0
2020/03/11 13:36:57 EMCデータインポート 終了
2020/03/11 13:37:58 WEBシステムログファイル出力
2020/03/11 13:37:58 EMCデータインポート開始
2020/03/11 13:37:59 メール件数 0
2020/03/11 13:37:59 EMCデータインポート 終了
2020/03/11 13:39:01 WEBシステムログファイル出力
2020/03/11 13:39:01 EMCデータインポート開始
2020/03/11 13:39:01 メール件数 0
2020/03/11 13:39:01 EMCデータインポート 終了
2020/03/11 13:40:03 WEBシステムログファイル出力
2020/03/11 13:40:03 EMCデータインポート開始
2020/03/11 13:40:03 メール件数 0
2020/03/11 13:40:03 EMCデータインポート 終了
2020/03/11 13:41:05 WEBシステムログファイル出力
2020/03/11 13:41:05 EMCデータインポート開始
2020/03/11 13:41:05 メール件数 0
2020/03/11 13:41:05 EMCデータインポート 終了
2020/03/11 13:42:07 WEBシステムログファイル出力
2020/03/11 13:42:07 EMCデータインポート開始
2020/03/11 13:42:07 メール件数 0
2020/03/11 13:42:07 EMCデータインポート 終了
2020/03/11 13:43:09 WEBシステムログファイル出力
2020/03/11 13:43:09 EMCデータインポート開始
2020/03/11 13:43:09 メール件数 0
2020/03/11 13:43:09 EMCデータインポート 終了
2020/03/11 13:44:11 WEBシステムログファイル出力
2020/03/11 13:44:11 EMCデータインポート開始
2020/03/11 13:44:12 メール件数 0
2020/03/11 13:44:12 EMCデータインポート 終了
2020/03/11 13:45:13 WEBシステムログファイル出力
2020/03/11 13:45:13 EMCデータインポート開始
2020/03/11 13:45:14 メール件数 0
2020/03/11 13:45:14 EMCデータインポート 終了
2020/03/11 13:46:15 WEBシステムログファイル出力
2020/03/11 13:46:15 EMCデータインポート開始
2020/03/11 13:46:16 メール件数 0
2020/03/11 13:46:16 EMCデータインポート 終了
