2020/03/09 14:18:14 EMCデータインポート開始
2020/03/09 14:18:15 メール件数 0
2020/03/09 14:18:15 EMCデータインポート 終了
2020/03/09 14:19:15 EMCデータインポート開始
2020/03/09 14:19:15 メール件数 0
2020/03/09 14:19:15 EMCデータインポート 終了
2020/03/09 14:20:15 WEBシステムログファイル出力
2020/03/09 14:20:15 EMCデータインポート開始
2020/03/09 14:20:16 メール件数 0
2020/03/09 14:20:16 EMCデータインポート 終了
2020/03/09 14:25:26 EMCデータインポート開始
2020/03/09 14:25:26 メール件数 0
2020/03/09 14:25:26 EMCデータインポート 終了
2020/03/09 14:26:26 EMCデータインポート開始
2020/03/09 14:26:27 メール件数 0
2020/03/09 14:26:27 EMCデータインポート 終了
2020/03/09 14:27:27 EMCデータインポート開始
2020/03/09 14:27:28 メール件数 0
2020/03/09 14:27:28 EMCデータインポート 終了
2020/03/09 14:28:28 EMCデータインポート開始
2020/03/09 14:28:28 メール件数 0
2020/03/09 14:28:28 EMCデータインポート 終了
2020/03/09 14:29:28 EMCデータインポート開始
2020/03/09 14:29:29 メール件数 0
2020/03/09 14:29:29 EMCデータインポート 終了
2020/03/09 14:30:29 EMCデータインポート開始
2020/03/09 14:30:30 メール件数 0
2020/03/09 14:30:30 EMCデータインポート 終了
2020/03/09 14:31:30 EMCデータインポート開始
2020/03/09 14:31:30 メール件数 0
2020/03/09 14:31:30 EMCデータインポート 終了
2020/03/09 14:32:30 EMCデータインポート開始
2020/03/09 14:32:31 メール件数 0
2020/03/09 14:32:31 EMCデータインポート 終了
2020/03/09 14:33:31 EMCデータインポート開始
2020/03/09 14:33:31 メール件数 0
2020/03/09 14:33:31 EMCデータインポート 終了
2020/03/09 14:34:32 EMCデータインポート開始
2020/03/09 14:34:32 メール件数 0
2020/03/09 14:34:32 EMCデータインポート 終了
2020/03/09 14:35:32 EMCデータインポート開始
2020/03/09 14:35:33 メール件数 0
2020/03/09 14:35:33 EMCデータインポート 終了
2020/03/09 14:36:33 EMCデータインポート開始
2020/03/09 14:36:33 メール件数 0
2020/03/09 14:36:33 EMCデータインポート 終了
2020/03/09 14:37:34 問い合わせデータ削除
2020/03/09 14:37:34 EMCデータインポート開始
2020/03/09 14:37:34 メール件数 0
2020/03/09 14:37:34 EMCデータインポート 終了
