2020/02/21 09:41:20 WEBシステムログファイル出力
2020/02/21 09:41:30 問い合わせデータ削除
2020/02/21 09:41:34 EMCデータインポート開始
2020/02/21 09:41:34 SELECT [MAIL_ADDRESS] FROM m_user WHERE ANNOUNCE_MAIL = 1
2020/02/21 09:41:34 メール件数 1
本文に値がありませんでした
2020/02/21 09:41:34 EMCデータインポート 終了
2020/02/21 09:42:27 EMCデータインポート開始
2020/02/21 09:42:27 SELECT [MAIL_ADDRESS] FROM m_user WHERE ANNOUNCE_MAIL = 1
2020/02/21 09:42:27 メール件数 1
本文に値がありませんでした
2020/02/21 09:42:27 EMCデータインポート 終了
2020/02/21 09:51:14 問い合わせデータ削除
2020/02/21 09:51:27 EMCデータインポート開始
2020/02/21 09:51:28 SELECT [MAIL_ADDRESS] FROM m_user WHERE ANNOUNCE_MAIL = 1
2020/02/21 09:51:32 メール件数 1
本文に値がありませんでした
2020/02/21 09:51:56 EMCデータインポート 終了
2020/02/21 09:58:33 WEBシステムログファイル出力
2020/02/21 09:58:47 問い合わせデータ削除
2020/02/21 09:59:01 EMCデータインポート開始
2020/02/21 09:59:01 SELECT [MAIL_ADDRESS] FROM m_user WHERE ANNOUNCE_MAIL = 1
2020/02/21 09:59:01 メール件数 1
本文に値がありませんでした
2020/02/21 09:59:01 EMCデータインポート 終了
